<?xml version="1.0" encoding="UTF-8"?>
<testsuites name="jest tests" tests="25" failures="0" errors="0" time="6.68">
  <testsuite name="Building Model" errors="0" failures="0" skipped="0" timestamp="2025-03-09T05:04:18" time="1.299" tests="1">
    <testcase classname="Building Model should have a valid test case" name="Building Model should have a valid test case" time="0.015">
    </testcase>
  </testsuite>
  <testsuite name="ThemedText Component" errors="0" failures="0" skipped="0" timestamp="2025-03-09T05:04:18" time="1.755" tests="7">
    <testcase classname="ThemedText Component renders correctly with default type" name="ThemedText Component renders correctly with default type" time="0.17">
    </testcase>
    <testcase classname="ThemedText Component renders correctly with title type" name="ThemedText Component renders correctly with title type" time="0.003">
    </testcase>
    <testcase classname="ThemedText Component renders correctly with defaultSemiBold type" name="ThemedText Component renders correctly with defaultSemiBold type" time="0.002">
    </testcase>
    <testcase classname="ThemedText Component renders correctly with subtitle type" name="ThemedText Component renders correctly with subtitle type" time="0.002">
    </testcase>
    <testcase classname="ThemedText Component renders correctly with link type" name="ThemedText Component renders correctly with link type" time="0.002">
    </testcase>
    <testcase classname="ThemedText Component applies custom styles correctly" name="ThemedText Component applies custom styles correctly" time="0.002">
    </testcase>
    <testcase classname="ThemedText Component uses custom light and dark colors" name="ThemedText Component uses custom light and dark colors" time="0.002">
    </testcase>
  </testsuite>
  <testsuite name="Loader Component" errors="0" failures="0" skipped="0" timestamp="2025-03-09T05:04:18" time="1.857" tests="2">
    <testcase classname="Loader Component does not render when isLoading is false" name="Loader Component does not render when isLoading is false" time="0.074">
    </testcase>
    <testcase classname="Loader Component renders correctly when isLoading is true" name="Loader Component renders correctly when isLoading is true" time="0.148">
    </testcase>
  </testsuite>
  <testsuite name="ThemedView Component" errors="0" failures="0" skipped="0" timestamp="2025-03-09T05:04:18" time="1.916" tests="3">
    <testcase classname="ThemedView Component renders with default background color" name="ThemedView Component renders with default background color" time="0.21">
    </testcase>
    <testcase classname="ThemedView Component applies light and dark colors correctly" name="ThemedView Component applies light and dark colors correctly" time="0.003">
    </testcase>
    <testcase classname="ThemedView Component combines custom styles with background color" name="ThemedView Component combines custom styles with background color" time="0.003">
    </testcase>
  </testsuite>
  <testsuite name="Home Component" errors="0" failures="0" skipped="0" timestamp="2025-03-09T05:04:18" time="2.035" tests="1">
    <testcase classname="Home Component renders correctly" name="Home Component renders correctly" time="0.114">
    </testcase>
  </testsuite>
  <testsuite name="CampusSwitcher Component" errors="0" failures="0" skipped="0" timestamp="2025-03-09T05:04:18" time="4.052" tests="9">
    <testcase classname="CampusSwitcher Component renders CampusSwitcher correctly with SGW Campus" name="CampusSwitcher Component renders CampusSwitcher correctly with SGW Campus" time="0.611">
    </testcase>
    <testcase classname="CampusSwitcher Component toggles between SGW and Loyola campus when the switch is pressed" name="CampusSwitcher Component toggles between SGW and Loyola campus when the switch is pressed" time="0.077">
    </testcase>
    <testcase classname="CampusSwitcher Component updates the map region when the campus changes" name="CampusSwitcher Component updates the map region when the campus changes" time="0.077">
    </testcase>
    <testcase classname="CampusSwitcher Component requests and updates user location" name="CampusSwitcher Component requests and updates user location" time="0.059">
    </testcase>
    <testcase classname="CampusSwitcher Component displays error when location permission is denied" name="CampusSwitcher Component displays error when location permission is denied" time="0.095">
    </testcase>
    <testcase classname="CampusSwitcher Component displays error when fetching location fails" name="CampusSwitcher Component displays error when fetching location fails" time="0.1">
    </testcase>
    <testcase classname="CampusSwitcher Component ensures user location is updated and not equal to an incorrect location" name="CampusSwitcher Component ensures user location is updated and not equal to an incorrect location" time="0.053">
    </testcase>
    <testcase classname="CampusSwitcher Component displays building information when clicking on a building" name="CampusSwitcher Component displays building information when clicking on a building" time="0.045">
    </testcase>
    <testcase classname="CampusSwitcher Component hides building information when clicking outside" name="CampusSwitcher Component hides building information when clicking outside" time="0.049">
    </testcase>
  </testsuite>
  <testsuite name="FindBuilding Component" errors="0" failures="0" skipped="0" timestamp="2025-03-09T05:04:18" time="5.335" tests="2">
    <testcase classname="FindBuilding Component renders search results for MB Building and logs its details on click" name="FindBuilding Component renders search results for MB Building and logs its details on click" time="1.571">
    </testcase>
    <testcase classname="FindBuilding Component displays &apos;No buildings found.&apos; when searching for a non-existing building" name="FindBuilding Component displays &apos;No buildings found.&apos; when searching for a non-existing building" time="1.063">
    </testcase>
  </testsuite>
</testsuites>