<?xml version="1.0" encoding="UTF-8"?>
<coverage generated="1741561732684" clover="3.2.0">
  <project timestamp="1741561732684" name="All files">
    <metrics statements="184" coveredstatements="157" conditionals="97" coveredconditionals="67" methods="34" coveredmethods="30" elements="315" coveredelements="254" complexity="0" loc="184" ncloc="184" packages="6" files="11" classes="11"/>
    <package name="app">
      <metrics statements="4" coveredstatements="4" conditionals="0" coveredconditionals="0" methods="1" coveredmethods="1"/>
      <file name="utils.tsx" path="C:\Users\luhud\Downloads\Github Repo\Minicap\src\app\utils.tsx">
        <metrics statements="4" coveredstatements="4" conditionals="0" coveredconditionals="0" methods="1" coveredmethods="1"/>
        <line num="3" count="2" type="stmt"/>
        <line num="4" count="2" type="stmt"/>
        <line num="6" count="2" type="stmt"/>
        <line num="7" count="180" type="stmt"/>
      </file>
    </package>
    <package name="app.(tabs)">
      <metrics statements="156" coveredstatements="129" conditionals="80" coveredconditionals="51" methods="29" coveredmethods="25"/>
      <file name="CampusMap.tsx" path="C:\Users\luhud\Downloads\Github Repo\Minicap\src\app\(tabs)\CampusMap.tsx">
        <metrics statements="128" coveredstatements="103" conditionals="71" coveredconditionals="43" methods="20" coveredmethods="16"/>
        <line num="21" count="1" type="stmt"/>
        <line num="30" count="1" type="stmt"/>
        <line num="45" count="1" type="stmt"/>
        <line num="52" count="1" type="stmt"/>
        <line num="59" count="1" type="stmt"/>
        <line num="60" count="41" type="cond" truecount="2" falsecount="0"/>
        <line num="62" count="41" type="cond" truecount="2" falsecount="0"/>
        <line num="65" count="41" type="stmt"/>
        <line num="66" count="41" type="stmt"/>
        <line num="67" count="41" type="stmt"/>
        <line num="68" count="41" type="stmt"/>
        <line num="69" count="41" type="stmt"/>
        <line num="70" count="41" type="stmt"/>
        <line num="77" count="41" type="stmt"/>
        <line num="80" count="41" type="stmt"/>
        <line num="82" count="41" type="stmt"/>
        <line num="83" count="41" type="stmt"/>
        <line num="84" count="41" type="stmt"/>
        <line num="86" count="41" type="stmt"/>
        <line num="87" count="16" type="stmt"/>
        <line num="88" count="16" type="stmt"/>
        <line num="90" count="16" type="stmt"/>
        <line num="91" count="16" type="cond" truecount="2" falsecount="0"/>
        <line num="92" count="1" type="stmt"/>
        <line num="93" count="1" type="stmt"/>
        <line num="96" count="15" type="stmt"/>
        <line num="97" count="15" type="stmt"/>
        <line num="101" count="14" type="stmt"/>
        <line num="108" count="1" type="stmt"/>
        <line num="109" count="1" type="stmt"/>
        <line num="113" count="16" type="stmt"/>
        <line num="116" count="41" type="stmt"/>
        <line num="117" count="20" type="cond" truecount="1" falsecount="1"/>
        <line num="118" count="0" type="stmt"/>
        <line num="123" count="41" type="stmt"/>
        <line num="124" count="1426" type="stmt"/>
        <line num="125" count="1426" type="stmt"/>
        <line num="126" count="1426" type="stmt"/>
        <line num="128" count="1426" type="stmt"/>
        <line num="129" count="22310" type="stmt"/>
        <line num="130" count="22310" type="stmt"/>
        <line num="131" count="22310" type="stmt"/>
        <line num="132" count="22310" type="stmt"/>
        <line num="135" count="22310" type="cond" truecount="1" falsecount="1"/>
        <line num="136" count="22310" type="cond" truecount="1" falsecount="1"/>
        <line num="139" count="1426" type="stmt"/>
        <line num="142" count="41" type="stmt"/>
        <line num="143" count="41" type="stmt"/>
        <line num="144" count="2583" type="cond" truecount="2" falsecount="0"/>
        <line num="145" count="41" type="stmt"/>
        <line num="148" count="41" type="stmt"/>
        <line num="151" count="2542" type="stmt"/>
        <line num="153" count="39770" type="cond" truecount="3" falsecount="1"/>
        <line num="154" count="39770" type="stmt"/>
        <line num="155" count="39770" type="stmt"/>
        <line num="157" count="0" type="stmt"/>
        <line num="158" count="0" type="stmt"/>
        <line num="160" count="39770" type="stmt"/>
        <line num="162" count="2542" type="cond" truecount="1" falsecount="1"/>
        <line num="164" count="2542" type="stmt"/>
        <line num="166" count="39770" type="cond" truecount="1" falsecount="1"/>
        <line num="167" count="39770" type="stmt"/>
        <line num="168" count="39770" type="stmt"/>
        <line num="170" count="39770" type="stmt"/>
        <line num="175" count="2542" type="stmt"/>
        <line num="176" count="2542" type="stmt"/>
        <line num="179" count="2542" type="cond" truecount="2" falsecount="0"/>
        <line num="180" count="2542" type="stmt"/>
        <line num="182" count="2542" type="stmt"/>
        <line num="190" count="2542" type="cond" truecount="2" falsecount="2"/>
        <line num="198" count="2542" type="stmt"/>
        <line num="200" count="2542" type="stmt"/>
        <line num="212" count="4" type="cond" truecount="1" falsecount="1"/>
        <line num="213" count="0" type="stmt"/>
        <line num="215" count="4" type="stmt"/>
        <line num="222" count="4" type="stmt"/>
        <line num="223" count="4" type="cond" truecount="1" falsecount="1"/>
        <line num="224" count="4" type="stmt"/>
        <line num="226" count="4" type="stmt"/>
        <line num="243" count="41" type="stmt"/>
        <line num="244" count="3" type="stmt"/>
        <line num="245" count="3" type="stmt"/>
        <line num="246" count="3" type="stmt"/>
        <line num="248" count="3" type="cond" truecount="2" falsecount="0"/>
        <line num="249" count="1" type="stmt"/>
        <line num="250" count="1" type="cond" truecount="1" falsecount="1"/>
        <line num="251" count="0" type="stmt"/>
        <line num="252" count="0" type="stmt"/>
        <line num="254" count="1" type="stmt"/>
        <line num="257" count="3" type="stmt"/>
        <line num="261" count="3" type="stmt"/>
        <line num="271" count="3" type="stmt"/>
        <line num="272" count="3" type="stmt"/>
        <line num="274" count="0" type="stmt"/>
        <line num="275" count="0" type="stmt"/>
        <line num="277" count="3" type="stmt"/>
        <line num="281" count="41" type="stmt"/>
        <line num="282" count="1" type="cond" truecount="3" falsecount="1"/>
        <line num="283" count="1" type="stmt"/>
        <line num="284" count="1" type="stmt"/>
        <line num="288" count="41" type="stmt"/>
        <line num="289" count="0" type="cond" truecount="0" falsecount="2"/>
        <line num="290" count="0" type="stmt"/>
        <line num="303" count="0" type="stmt"/>
        <line num="308" count="0" type="stmt"/>
        <line num="309" count="0" type="stmt"/>
        <line num="311" count="0" type="stmt"/>
        <line num="330" count="41" type="stmt"/>
        <line num="331" count="0" type="cond" truecount="0" falsecount="2"/>
        <line num="332" count="0" type="stmt"/>
        <line num="333" count="0" type="stmt"/>
        <line num="334" count="0" type="stmt"/>
        <line num="338" count="41" type="stmt"/>
        <line num="339" count="0" type="stmt"/>
        <line num="340" count="0" type="stmt"/>
        <line num="343" count="41" type="stmt"/>
        <line num="344" count="0" type="stmt"/>
        <line num="345" count="0" type="stmt"/>
        <line num="346" count="0" type="stmt"/>
        <line num="347" count="0" type="stmt"/>
        <line num="348" count="0" type="stmt"/>
        <line num="351" count="41" type="stmt"/>
        <line num="363" count="82" type="stmt"/>
        <line num="459" count="1" type="stmt"/>
        <line num="460" count="20" type="stmt"/>
        <line num="461" count="20" type="cond" truecount="2" falsecount="0"/>
        <line num="463" count="20" type="stmt"/>
        <line num="478" count="4" type="stmt"/>
      </file>
      <file name="FindBuilding.tsx" path="C:\Users\luhud\Downloads\Github Repo\Minicap\src\app\(tabs)\FindBuilding.tsx">
        <metrics statements="26" coveredstatements="24" conditionals="9" coveredconditionals="8" methods="8" coveredmethods="8"/>
        <line num="32" count="1" type="stmt"/>
        <line num="34" count="1" type="stmt"/>
        <line num="35" count="18" type="stmt"/>
        <line num="36" count="18" type="stmt"/>
        <line num="37" count="18" type="stmt"/>
        <line num="39" count="18" type="stmt"/>
        <line num="41" count="6" type="stmt"/>
        <line num="42" count="6" type="stmt"/>
        <line num="43" count="6" type="stmt"/>
        <line num="47" count="18" type="stmt"/>
        <line num="48" count="6" type="stmt"/>
        <line num="50" count="6" type="cond" truecount="1" falsecount="1"/>
        <line num="51" count="0" type="stmt"/>
        <line num="52" count="0" type="stmt"/>
        <line num="55" count="6" type="stmt"/>
        <line num="58" count="6" type="stmt"/>
        <line num="60" count="378" type="cond" truecount="3" falsecount="0"/>
        <line num="65" count="6" type="stmt"/>
        <line num="68" count="18" type="stmt"/>
        <line num="69" count="74" type="stmt"/>
        <line num="73" count="3" type="stmt"/>
        <line num="108" count="18" type="cond" truecount="2" falsecount="0"/>
        <line num="109" count="6" type="stmt"/>
        <line num="117" count="12" type="stmt"/>
        <line num="143" count="99" type="stmt"/>
        <line num="155" count="1" type="stmt"/>
      </file>
      <file name="Home.tsx" path="C:\Users\luhud\Downloads\Github Repo\Minicap\src\app\(tabs)\Home.tsx">
        <metrics statements="2" coveredstatements="2" conditionals="0" coveredconditionals="0" methods="1" coveredmethods="1"/>
        <line num="6" count="1" type="stmt"/>
        <line num="7" count="1" type="stmt"/>
      </file>
    </package>
    <package name="app.styles">
      <metrics statements="7" coveredstatements="7" conditionals="0" coveredconditionals="0" methods="0" coveredmethods="0"/>
      <file name="globalStyles.ts" path="C:\Users\luhud\Downloads\Github Repo\Minicap\src\app\styles\globalStyles.ts">
        <metrics statements="7" coveredstatements="7" conditionals="0" coveredconditionals="0" methods="0" coveredmethods="0"/>
        <line num="4" count="2" type="stmt"/>
        <line num="20" count="2" type="stmt"/>
        <line num="238" count="2" type="stmt"/>
        <line num="302" count="2" type="stmt"/>
        <line num="324" count="2" type="stmt"/>
        <line num="350" count="2" type="stmt"/>
        <line num="357" count="2" type="stmt"/>
      </file>
    </package>
    <package name="components">
      <metrics statements="9" coveredstatements="9" conditionals="13" coveredconditionals="13" methods="3" coveredmethods="3"/>
      <file name="Loader.tsx" path="C:\Users\luhud\Downloads\Github Repo\Minicap\src\components\Loader.tsx">
        <metrics statements="4" coveredstatements="4" conditionals="2" coveredconditionals="2" methods="1" coveredmethods="1"/>
        <line num="9" count="1" type="stmt"/>
        <line num="10" count="2" type="stmt"/>
        <line num="12" count="2" type="cond" truecount="2" falsecount="0"/>
        <line num="14" count="1" type="stmt"/>
      </file>
      <file name="ThemedText.tsx" path="C:\Users\luhud\Downloads\Github Repo\Minicap\src\components\ThemedText.tsx">
        <metrics statements="3" coveredstatements="3" conditionals="11" coveredconditionals="11" methods="1" coveredmethods="1"/>
        <line num="18" count="7" type="stmt"/>
        <line num="20" count="7" type="stmt"/>
        <line num="36" count="1" type="stmt"/>
      </file>
      <file name="ThemedView.tsx" path="C:\Users\luhud\Downloads\Github Repo\Minicap\src\components\ThemedView.tsx">
        <metrics statements="2" coveredstatements="2" conditionals="0" coveredconditionals="0" methods="1" coveredmethods="1"/>
        <line num="16" count="3" type="stmt"/>
        <line num="21" count="3" type="stmt"/>
      </file>
    </package>
    <package name="constants">
      <metrics statements="3" coveredstatements="3" conditionals="0" coveredconditionals="0" methods="0" coveredmethods="0"/>
      <file name="Colors.ts" path="C:\Users\luhud\Downloads\Github Repo\Minicap\src\constants\Colors.ts">
        <metrics statements="3" coveredstatements="3" conditionals="0" coveredconditionals="0" methods="0" coveredmethods="0"/>
        <line num="6" count="1" type="stmt"/>
        <line num="7" count="1" type="stmt"/>
        <line num="9" count="1" type="stmt"/>
      </file>
    </package>
    <package name="hooks">
      <metrics statements="5" coveredstatements="5" conditionals="4" coveredconditionals="3" methods="1" coveredmethods="1"/>
      <file name="useColorScheme.ts" path="C:\Users\luhud\Downloads\Github Repo\Minicap\src\hooks\useColorScheme.ts">
        <metrics statements="0" coveredstatements="0" conditionals="0" coveredconditionals="0" methods="0" coveredmethods="0"/>
      </file>
      <file name="useThemeColor.ts" path="C:\Users\luhud\Downloads\Github Repo\Minicap\src\hooks\useThemeColor.ts">
        <metrics statements="5" coveredstatements="5" conditionals="4" coveredconditionals="3" methods="1" coveredmethods="1"/>
        <line num="13" count="7" type="cond" truecount="1" falsecount="1"/>
        <line num="14" count="7" type="stmt"/>
        <line num="16" count="7" type="cond" truecount="2" falsecount="0"/>
        <line num="17" count="1" type="stmt"/>
        <line num="19" count="6" type="stmt"/>
      </file>
    </package>
  </project>
</coverage>
