{"/Users/youssef/MiniCap/Minicap/src/app/utils.tsx": {"path":"/Users/youssef/MiniCap/Minicap/src/app/utils.tsx","statementMap":{"0":{"start":{"line":3,"column":32},"end":{"line":3,"column":56}},"1":{"start":{"line":4,"column":19},"end":{"line":4,"column":22}},"2":{"start":{"line":6,"column":19},"end":{"line":8,"column":1}},"3":{"start":{"line":7,"column":2},"end":{"line":7,"column":77}}},"fnMap":{"0":{"name":"(anonymous_0)","decl":{"start":{"line":6,"column":19},"end":{"line":6,"column":20}},"loc":{"start":{"line":6,"column":46},"end":{"line":8,"column":1}},"line":6}},"branchMap":{},"s":{"0":2,"1":2,"2":2,"3":116},"f":{"0":116},"b":{},"_coverageSchema":"1a1c01bbd47fc00a2c39e90264f33305004495a9","hash":"990008c2229e324952da90cde242e9c553f39495"}
,"/Users/youssef/MiniCap/Minicap/src/app/(tabs)/CampusMap.tsx": {"path":"/Users/youssef/MiniCap/Minicap/src/app/(tabs)/CampusMap.tsx","statementMap":{"0":{"start":{"line":22,"column":44},"end":{"line":29,"column":1}},"1":{"start":{"line":31,"column":47},"end":{"line":38,"column":1}},"2":{"start":{"line":46,"column":26},"end":{"line":51,"column":1}},"3":{"start":{"line":53,"column":29},"end":{"line":58,"column":1}},"4":{"start":{"line":60,"column":44},"end":{"line":376,"column":1}},"5":{"start":{"line":61,"column":17},"end":{"line":61,"column":70}},"6":{"start":{"line":63,"column":4},"end":{"line":65,"column":29}},"7":{"start":{"line":66,"column":17},"end":{"line":66,"column":45}},"8":{"start":{"line":67,"column":42},"end":{"line":67,"column":71}},"9":{"start":{"line":68,"column":52},"end":{"line":68,"column":76}},"10":{"start":{"line":69,"column":44},"end":{"line":69,"column":73}},"11":{"start":{"line":70,"column":42},"end":{"line":70,"column":57}},"12":{"start":{"line":71,"column":42},"end":{"line":77,"column":17}},"13":{"start":{"line":78,"column":54},"end":{"line":80,"column":3}},"14":{"start":{"line":81,"column":34},"end":{"line":81,"column":53}},"15":{"start":{"line":83,"column":2},"end":{"line":111,"column":9}},"16":{"start":{"line":84,"column":38},"end":{"line":108,"column":5}},"17":{"start":{"line":85,"column":6},"end":{"line":107,"column":7}},"18":{"start":{"line":87,"column":10},"end":{"line":87,"column":60}},"19":{"start":{"line":88,"column":8},"end":{"line":91,"column":9}},"20":{"start":{"line":89,"column":10},"end":{"line":89,"column":71}},"21":{"start":{"line":90,"column":10},"end":{"line":90,"column":17}},"22":{"start":{"line":93,"column":8},"end":{"line":93,"column":35}},"23":{"start":{"line":94,"column":25},"end":{"line":96,"column":10}},"24":{"start":{"line":98,"column":8},"end":{"line":103,"column":11}},"25":{"start":{"line":105,"column":8},"end":{"line":105,"column":54}},"26":{"start":{"line":106,"column":8},"end":{"line":106,"column":51}},"27":{"start":{"line":110,"column":4},"end":{"line":110,"column":32}},"28":{"start":{"line":113,"column":2},"end":{"line":117,"column":15}},"29":{"start":{"line":114,"column":4},"end":{"line":116,"column":5}},"30":{"start":{"line":115,"column":6},"end":{"line":115,"column":51}},"31":{"start":{"line":120,"column":27},"end":{"line":137,"column":3}},"32":{"start":{"line":121,"column":17},"end":{"line":121,"column":22}},"33":{"start":{"line":122,"column":14},"end":{"line":122,"column":29}},"34":{"start":{"line":123,"column":10},"end":{"line":123,"column":24}},"35":{"start":{"line":125,"column":4},"end":{"line":134,"column":5}},"36":{"start":{"line":125,"column":17},"end":{"line":125,"column":18}},"37":{"start":{"line":125,"column":24},"end":{"line":125,"column":42}},"38":{"start":{"line":126,"column":17},"end":{"line":126,"column":37}},"39":{"start":{"line":127,"column":13},"end":{"line":127,"column":32}},"40":{"start":{"line":128,"column":17},"end":{"line":128,"column":37}},"41":{"start":{"line":129,"column":13},"end":{"line":129,"column":32}},"42":{"start":{"line":132,"column":8},"end":{"line":132,"column":72}},"43":{"start":{"line":133,"column":6},"end":{"line":133,"column":38}},"44":{"start":{"line":133,"column":21},"end":{"line":133,"column":38}},"45":{"start":{"line":136,"column":4},"end":{"line":136,"column":18}},"46":{"start":{"line":139,"column":26},"end":{"line":230,"column":3}},"47":{"start":{"line":140,"column":4},"end":{"line":229,"column":7}},"48":{"start":{"line":141,"column":6},"end":{"line":146,"column":7}},"49":{"start":{"line":142,"column":8},"end":{"line":144,"column":10}},"50":{"start":{"line":145,"column":8},"end":{"line":145,"column":20}},"51":{"start":{"line":148,"column":36},"end":{"line":157,"column":59}},"52":{"start":{"line":150,"column":10},"end":{"line":153,"column":11}},"53":{"start":{"line":151,"column":42},"end":{"line":151,"column":48}},"54":{"start":{"line":152,"column":12},"end":{"line":152,"column":43}},"55":{"start":{"line":154,"column":10},"end":{"line":154,"column":75}},"56":{"start":{"line":155,"column":10},"end":{"line":155,"column":22}},"57":{"start":{"line":157,"column":44},"end":{"line":157,"column":58}},"58":{"start":{"line":159,"column":6},"end":{"line":159,"column":48}},"59":{"start":{"line":159,"column":36},"end":{"line":159,"column":48}},"60":{"start":{"line":161,"column":21},"end":{"line":170,"column":7}},"61":{"start":{"line":163,"column":10},"end":{"line":166,"column":11}},"62":{"start":{"line":164,"column":12},"end":{"line":164,"column":42}},"63":{"start":{"line":165,"column":12},"end":{"line":165,"column":44}},"64":{"start":{"line":167,"column":10},"end":{"line":167,"column":21}},"65":{"start":{"line":172,"column":6},"end":{"line":172,"column":44}},"66":{"start":{"line":173,"column":6},"end":{"line":173,"column":45}},"67":{"start":{"line":176,"column":8},"end":{"line":176,"column":67}},"68":{"start":{"line":177,"column":25},"end":{"line":177,"column":60}},"69":{"start":{"line":179,"column":28},"end":{"line":184,"column":7}},"70":{"start":{"line":187,"column":8},"end":{"line":193,"column":33}},"71":{"start":{"line":195,"column":35},"end":{"line":195,"column":78}},"72":{"start":{"line":197,"column":6},"end":{"line":228,"column":8}},"73":{"start":{"line":208,"column":14},"end":{"line":214,"column":17}},"74":{"start":{"line":215,"column":14},"end":{"line":215,"column":50}},"75":{"start":{"line":232,"column":29},"end":{"line":268,"column":3}},"76":{"start":{"line":233,"column":4},"end":{"line":267,"column":5}},"77":{"start":{"line":234,"column":6},"end":{"line":234,"column":28}},"78":{"start":{"line":235,"column":6},"end":{"line":235,"column":29}},"79":{"start":{"line":237,"column":6},"end":{"line":244,"column":7}},"80":{"start":{"line":238,"column":27},"end":{"line":238,"column":77}},"81":{"start":{"line":239,"column":8},"end":{"line":242,"column":9}},"82":{"start":{"line":240,"column":10},"end":{"line":240,"column":59}},"83":{"start":{"line":241,"column":10},"end":{"line":241,"column":17}},"84":{"start":{"line":243,"column":8},"end":{"line":243,"column":35}},"85":{"start":{"line":246,"column":23},"end":{"line":248,"column":8}},"86":{"start":{"line":250,"column":24},"end":{"line":258,"column":7}},"87":{"start":{"line":260,"column":6},"end":{"line":260,"column":33}},"88":{"start":{"line":261,"column":6},"end":{"line":261,"column":55}},"89":{"start":{"line":263,"column":6},"end":{"line":263,"column":55}},"90":{"start":{"line":264,"column":6},"end":{"line":264,"column":57}},"91":{"start":{"line":266,"column":6},"end":{"line":266,"column":29}},"92":{"start":{"line":270,"column":25},"end":{"line":275,"column":3}},"93":{"start":{"line":271,"column":4},"end":{"line":274,"column":5}},"94":{"start":{"line":272,"column":6},"end":{"line":272,"column":28}},"95":{"start":{"line":273,"column":6},"end":{"line":273,"column":34}},"96":{"start":{"line":277,"column":31},"end":{"line":301,"column":3}},"97":{"start":{"line":278,"column":4},"end":{"line":300,"column":5}},"98":{"start":{"line":279,"column":53},"end":{"line":279,"column":65}},"99":{"start":{"line":282,"column":22},"end":{"line":282,"column":136}},"100":{"start":{"line":283,"column":21},"end":{"line":283,"column":178}},"101":{"start":{"line":285,"column":6},"end":{"line":299,"column":7}},"102":{"start":{"line":287,"column":28},"end":{"line":287,"column":61}},"103":{"start":{"line":289,"column":8},"end":{"line":294,"column":9}},"104":{"start":{"line":290,"column":10},"end":{"line":290,"column":41}},"105":{"start":{"line":293,"column":10},"end":{"line":293,"column":40}},"106":{"start":{"line":296,"column":8},"end":{"line":296,"column":52}},"107":{"start":{"line":298,"column":8},"end":{"line":298,"column":38}},"108":{"start":{"line":303,"column":2},"end":{"line":375,"column":4}},"109":{"start":{"line":312,"column":25},"end":{"line":312,"column":45}},"110":{"start":{"line":378,"column":33},"end":{"line":406,"column":1}},"111":{"start":{"line":379,"column":40},"end":{"line":379,"column":54}},"112":{"start":{"line":380,"column":26},"end":{"line":380,"column":72}},"113":{"start":{"line":382,"column":2},"end":{"line":405,"column":4}},"114":{"start":{"line":393,"column":35},"end":{"line":393,"column":63}}},"fnMap":{"0":{"name":"(anonymous_0)","decl":{"start":{"line":60,"column":44},"end":{"line":60,"column":45}},"loc":{"start":{"line":60,"column":62},"end":{"line":376,"column":1}},"line":60},"1":{"name":"(anonymous_1)","decl":{"start":{"line":83,"column":12},"end":{"line":83,"column":13}},"loc":{"start":{"line":83,"column":18},"end":{"line":111,"column":3}},"line":83},"2":{"name":"(anonymous_2)","decl":{"start":{"line":84,"column":38},"end":{"line":84,"column":39}},"loc":{"start":{"line":84,"column":50},"end":{"line":108,"column":5}},"line":84},"3":{"name":"(anonymous_3)","decl":{"start":{"line":113,"column":12},"end":{"line":113,"column":13}},"loc":{"start":{"line":113,"column":18},"end":{"line":117,"column":3}},"line":113},"4":{"name":"(anonymous_4)","decl":{"start":{"line":120,"column":27},"end":{"line":120,"column":28}},"loc":{"start":{"line":120,"column":74},"end":{"line":137,"column":3}},"line":120},"5":{"name":"(anonymous_5)","decl":{"start":{"line":139,"column":26},"end":{"line":139,"column":27}},"loc":{"start":{"line":139,"column":32},"end":{"line":230,"column":3}},"line":139},"6":{"name":"(anonymous_6)","decl":{"start":{"line":140,"column":29},"end":{"line":140,"column":30}},"loc":{"start":{"line":140,"column":43},"end":{"line":229,"column":5}},"line":140},"7":{"name":"(anonymous_7)","decl":{"start":{"line":149,"column":13},"end":{"line":149,"column":14}},"loc":{"start":{"line":149,"column":25},"end":{"line":156,"column":9}},"line":149},"8":{"name":"(anonymous_8)","decl":{"start":{"line":157,"column":16},"end":{"line":157,"column":17}},"loc":{"start":{"line":157,"column":44},"end":{"line":157,"column":58}},"line":157},"9":{"name":"(anonymous_9)","decl":{"start":{"line":162,"column":8},"end":{"line":162,"column":9}},"loc":{"start":{"line":162,"column":23},"end":{"line":168,"column":9}},"line":162},"10":{"name":"(anonymous_10)","decl":{"start":{"line":207,"column":21},"end":{"line":207,"column":22}},"loc":{"start":{"line":207,"column":27},"end":{"line":216,"column":13}},"line":207},"11":{"name":"(anonymous_11)","decl":{"start":{"line":232,"column":29},"end":{"line":232,"column":30}},"loc":{"start":{"line":232,"column":41},"end":{"line":268,"column":3}},"line":232},"12":{"name":"(anonymous_12)","decl":{"start":{"line":270,"column":25},"end":{"line":270,"column":26}},"loc":{"start":{"line":270,"column":31},"end":{"line":275,"column":3}},"line":270},"13":{"name":"(anonymous_13)","decl":{"start":{"line":277,"column":31},"end":{"line":277,"column":32}},"loc":{"start":{"line":277,"column":43},"end":{"line":301,"column":3}},"line":277},"14":{"name":"(anonymous_14)","decl":{"start":{"line":312,"column":15},"end":{"line":312,"column":16}},"loc":{"start":{"line":312,"column":25},"end":{"line":312,"column":45}},"line":312},"15":{"name":"(anonymous_15)","decl":{"start":{"line":378,"column":33},"end":{"line":378,"column":34}},"loc":{"start":{"line":378,"column":39},"end":{"line":406,"column":1}},"line":378},"16":{"name":"(anonymous_16)","decl":{"start":{"line":393,"column":29},"end":{"line":393,"column":30}},"loc":{"start":{"line":393,"column":35},"end":{"line":393,"column":63}},"line":393}},"branchMap":{"0":{"loc":{"start":{"line":61,"column":17},"end":{"line":61,"column":70}},"type":"cond-expr","locations":[{"start":{"line":61,"column":46},"end":{"line":61,"column":55}},{"start":{"line":61,"column":58},"end":{"line":61,"column":70}}],"line":61},"1":{"loc":{"start":{"line":63,"column":4},"end":{"line":65,"column":29}},"type":"cond-expr","locations":[{"start":{"line":64,"column":8},"end":{"line":64,"column":26}},{"start":{"line":65,"column":8},"end":{"line":65,"column":29}}],"line":63},"2":{"loc":{"start":{"line":88,"column":8},"end":{"line":91,"column":9}},"type":"if","locations":[{"start":{"line":88,"column":8},"end":{"line":91,"column":9}},{"start":{},"end":{}}],"line":88},"3":{"loc":{"start":{"line":114,"column":4},"end":{"line":116,"column":5}},"type":"if","locations":[{"start":{"line":114,"column":4},"end":{"line":116,"column":5}},{"start":{},"end":{}}],"line":114},"4":{"loc":{"start":{"line":132,"column":8},"end":{"line":132,"column":72}},"type":"binary-expr","locations":[{"start":{"line":132,"column":8},"end":{"line":132,"column":25}},{"start":{"line":132,"column":29},"end":{"line":132,"column":72}}],"line":132},"5":{"loc":{"start":{"line":133,"column":6},"end":{"line":133,"column":38}},"type":"if","locations":[{"start":{"line":133,"column":6},"end":{"line":133,"column":38}},{"start":{},"end":{}}],"line":133},"6":{"loc":{"start":{"line":141,"column":6},"end":{"line":146,"column":7}},"type":"if","locations":[{"start":{"line":141,"column":6},"end":{"line":146,"column":7}},{"start":{},"end":{}}],"line":141},"7":{"loc":{"start":{"line":150,"column":10},"end":{"line":153,"column":11}},"type":"if","locations":[{"start":{"line":150,"column":10},"end":{"line":153,"column":11}},{"start":{},"end":{}}],"line":150},"8":{"loc":{"start":{"line":150,"column":14},"end":{"line":150,"column":58}},"type":"binary-expr","locations":[{"start":{"line":150,"column":14},"end":{"line":150,"column":35}},{"start":{"line":150,"column":39},"end":{"line":150,"column":58}}],"line":150},"9":{"loc":{"start":{"line":159,"column":6},"end":{"line":159,"column":48}},"type":"if","locations":[{"start":{"line":159,"column":6},"end":{"line":159,"column":48}},{"start":{},"end":{}}],"line":159},"10":{"loc":{"start":{"line":163,"column":10},"end":{"line":166,"column":11}},"type":"if","locations":[{"start":{"line":163,"column":10},"end":{"line":166,"column":11}},{"start":{},"end":{}}],"line":163},"11":{"loc":{"start":{"line":176,"column":8},"end":{"line":176,"column":67}},"type":"binary-expr","locations":[{"start":{"line":176,"column":8},"end":{"line":176,"column":20}},{"start":{"line":176,"column":24},"end":{"line":176,"column":67}}],"line":176},"12":{"loc":{"start":{"line":187,"column":8},"end":{"line":193,"column":33}},"type":"cond-expr","locations":[{"start":{"line":188,"column":12},"end":{"line":188,"column":40}},{"start":{"line":189,"column":12},"end":{"line":193,"column":33}}],"line":187},"13":{"loc":{"start":{"line":187,"column":8},"end":{"line":187,"column":30}},"type":"binary-expr","locations":[{"start":{"line":187,"column":8},"end":{"line":187,"column":16}},{"start":{"line":187,"column":20},"end":{"line":187,"column":30}}],"line":187},"14":{"loc":{"start":{"line":189,"column":12},"end":{"line":193,"column":33}},"type":"cond-expr","locations":[{"start":{"line":190,"column":12},"end":{"line":190,"column":32}},{"start":{"line":191,"column":12},"end":{"line":193,"column":33}}],"line":189},"15":{"loc":{"start":{"line":191,"column":12},"end":{"line":193,"column":33}},"type":"cond-expr","locations":[{"start":{"line":192,"column":12},"end":{"line":192,"column":34}},{"start":{"line":193,"column":12},"end":{"line":193,"column":33}}],"line":191},"16":{"loc":{"start":{"line":237,"column":6},"end":{"line":244,"column":7}},"type":"if","locations":[{"start":{"line":237,"column":6},"end":{"line":244,"column":7}},{"start":{},"end":{}}],"line":237},"17":{"loc":{"start":{"line":239,"column":8},"end":{"line":242,"column":9}},"type":"if","locations":[{"start":{"line":239,"column":8},"end":{"line":242,"column":9}},{"start":{},"end":{}}],"line":239},"18":{"loc":{"start":{"line":271,"column":4},"end":{"line":274,"column":5}},"type":"if","locations":[{"start":{"line":271,"column":4},"end":{"line":274,"column":5}},{"start":{},"end":{}}],"line":271},"19":{"loc":{"start":{"line":278,"column":4},"end":{"line":300,"column":5}},"type":"if","locations":[{"start":{"line":278,"column":4},"end":{"line":300,"column":5}},{"start":{},"end":{}}],"line":278},"20":{"loc":{"start":{"line":289,"column":8},"end":{"line":294,"column":9}},"type":"if","locations":[{"start":{"line":289,"column":8},"end":{"line":294,"column":9}},{"start":{"line":291,"column":15},"end":{"line":294,"column":9}}],"line":289},"21":{"loc":{"start":{"line":306,"column":9},"end":{"line":310,"column":16}},"type":"cond-expr","locations":[{"start":{"line":307,"column":10},"end":{"line":309,"column":17}},{"start":{"line":310,"column":12},"end":{"line":310,"column":16}}],"line":306},"22":{"loc":{"start":{"line":327,"column":11},"end":{"line":333,"column":11}},"type":"binary-expr","locations":[{"start":{"line":327,"column":11},"end":{"line":327,"column":28}},{"start":{"line":327,"column":32},"end":{"line":327,"column":44}},{"start":{"line":328,"column":12},"end":{"line":332,"column":14}}],"line":327},"23":{"loc":{"start":{"line":337,"column":9},"end":{"line":355,"column":9}},"type":"binary-expr","locations":[{"start":{"line":337,"column":9},"end":{"line":337,"column":21}},{"start":{"line":338,"column":10},"end":{"line":354,"column":17}}],"line":337},"24":{"loc":{"start":{"line":360,"column":12},"end":{"line":362,"column":18}},"type":"cond-expr","locations":[{"start":{"line":361,"column":17},"end":{"line":361,"column":64}},{"start":{"line":362,"column":16},"end":{"line":362,"column":18}}],"line":360},"25":{"loc":{"start":{"line":367,"column":11},"end":{"line":371,"column":11}},"type":"cond-expr","locations":[{"start":{"line":368,"column":12},"end":{"line":368,"column":60}},{"start":{"line":370,"column":12},"end":{"line":370,"column":75}}],"line":367},"26":{"loc":{"start":{"line":380,"column":26},"end":{"line":380,"column":72}},"type":"cond-expr","locations":[{"start":{"line":380,"column":40},"end":{"line":380,"column":53}},{"start":{"line":380,"column":56},"end":{"line":380,"column":72}}],"line":380}},"s":{"0":1,"1":1,"2":1,"3":1,"4":1,"5":4,"6":4,"7":4,"8":4,"9":4,"10":4,"11":4,"12":4,"13":4,"14":4,"15":4,"16":0,"17":0,"18":0,"19":0,"20":0,"21":0,"22":0,"23":0,"24":0,"25":0,"26":0,"27":0,"28":4,"29":0,"30":0,"31":4,"32":0,"33":0,"34":0,"35":0,"36":0,"37":0,"38":0,"39":0,"40":0,"41":0,"42":0,"43":0,"44":0,"45":0,"46":4,"47":4,"48":252,"49":4,"50":4,"51":248,"52":3880,"53":3880,"54":3880,"55":0,"56":0,"57":3880,"58":248,"59":0,"60":248,"61":3880,"62":3880,"63":3880,"64":3880,"65":248,"66":248,"67":248,"68":248,"69":248,"70":248,"71":248,"72":248,"73":0,"74":0,"75":4,"76":0,"77":0,"78":0,"79":0,"80":0,"81":0,"82":0,"83":0,"84":0,"85":0,"86":0,"87":0,"88":0,"89":0,"90":0,"91":0,"92":4,"93":0,"94":0,"95":0,"96":4,"97":0,"98":0,"99":0,"100":0,"101":0,"102":0,"103":0,"104":0,"105":0,"106":0,"107":0,"108":4,"109":0,"110":1,"111":5,"112":4,"113":4,"114":0},"f":{"0":4,"1":0,"2":0,"3":0,"4":0,"5":4,"6":252,"7":3880,"8":3880,"9":3880,"10":0,"11":0,"12":0,"13":0,"14":0,"15":5,"16":0},"b":{"0":[4,0],"1":[4,0],"2":[0,0],"3":[0,0],"4":[0,0],"5":[0,0],"6":[4,248],"7":[3880,0],"8":[3880,3880],"9":[0,248],"10":[3880,0],"11":[248,0],"12":[0,248],"13":[248,0],"14":[0,248],"15":[0,248],"16":[0,0],"17":[0,0],"18":[0,0],"19":[0,0],"20":[0,0],"21":[0,4],"22":[4,0,0],"23":[4,0],"24":[0,4],"25":[0,4],"26":[4,0]},"_coverageSchema":"1a1c01bbd47fc00a2c39e90264f33305004495a9","hash":"9da49c3e3e1097c3da01690f064bf80d7a061131"}
,"/Users/youssef/MiniCap/Minicap/src/app/(tabs)/FindBuilding.tsx": {"path":"/Users/youssef/MiniCap/Minicap/src/app/(tabs)/FindBuilding.tsx","statementMap":{"0":{"start":{"line":24,"column":30},"end":{"line":24,"column":43}},"1":{"start":{"line":26,"column":21},"end":{"line":115,"column":1}},"2":{"start":{"line":27,"column":40},"end":{"line":27,"column":60}},"3":{"start":{"line":28,"column":52},"end":{"line":28,"column":76}},"4":{"start":{"line":29,"column":36},"end":{"line":29,"column":59}},"5":{"start":{"line":31,"column":2},"end":{"line":37,"column":9}},"6":{"start":{"line":33,"column":4},"end":{"line":36,"column":13}},"7":{"start":{"line":34,"column":6},"end":{"line":34,"column":38}},"8":{"start":{"line":35,"column":6},"end":{"line":35,"column":26}},"9":{"start":{"line":39,"column":23},"end":{"line":57,"column":3}},"10":{"start":{"line":40,"column":4},"end":{"line":40,"column":26}},"11":{"start":{"line":42,"column":4},"end":{"line":45,"column":5}},"12":{"start":{"line":43,"column":6},"end":{"line":43,"column":38}},"13":{"start":{"line":44,"column":6},"end":{"line":44,"column":13}},"14":{"start":{"line":47,"column":23},"end":{"line":47,"column":42}},"15":{"start":{"line":50,"column":21},"end":{"line":54,"column":5}},"16":{"start":{"line":51,"column":6},"end":{"line":53,"column":57}},"17":{"start":{"line":56,"column":4},"end":{"line":56,"column":35}},"18":{"start":{"line":59,"column":29},"end":{"line":74,"column":3}},"19":{"start":{"line":60,"column":4},"end":{"line":73,"column":23}},"20":{"start":{"line":63,"column":21},"end":{"line":63,"column":60}},"21":{"start":{"line":76,"column":2},"end":{"line":83,"column":3}},"22":{"start":{"line":77,"column":4},"end":{"line":82,"column":6}},"23":{"start":{"line":85,"column":2},"end":{"line":114,"column":4}},"24":{"start":{"line":105,"column":36},"end":{"line":105,"column":55}},"25":{"start":{"line":117,"column":15},"end":{"line":219,"column":2}}},"fnMap":{"0":{"name":"(anonymous_0)","decl":{"start":{"line":26,"column":21},"end":{"line":26,"column":22}},"loc":{"start":{"line":26,"column":27},"end":{"line":115,"column":1}},"line":26},"1":{"name":"(anonymous_1)","decl":{"start":{"line":31,"column":12},"end":{"line":31,"column":13}},"loc":{"start":{"line":31,"column":18},"end":{"line":37,"column":3}},"line":31},"2":{"name":"(anonymous_2)","decl":{"start":{"line":33,"column":15},"end":{"line":33,"column":16}},"loc":{"start":{"line":33,"column":21},"end":{"line":36,"column":5}},"line":33},"3":{"name":"(anonymous_3)","decl":{"start":{"line":39,"column":23},"end":{"line":39,"column":24}},"loc":{"start":{"line":39,"column":42},"end":{"line":57,"column":3}},"line":39},"4":{"name":"(anonymous_4)","decl":{"start":{"line":50,"column":38},"end":{"line":50,"column":39}},"loc":{"start":{"line":51,"column":6},"end":{"line":53,"column":57}},"line":51},"5":{"name":"(anonymous_5)","decl":{"start":{"line":59,"column":29},"end":{"line":59,"column":30}},"loc":{"start":{"line":60,"column":4},"end":{"line":73,"column":23}},"line":60},"6":{"name":"(anonymous_6)","decl":{"start":{"line":63,"column":15},"end":{"line":63,"column":16}},"loc":{"start":{"line":63,"column":21},"end":{"line":63,"column":60}},"line":63},"7":{"name":"(anonymous_7)","decl":{"start":{"line":105,"column":26},"end":{"line":105,"column":27}},"loc":{"start":{"line":105,"column":36},"end":{"line":105,"column":55}},"line":105}},"branchMap":{"0":{"loc":{"start":{"line":42,"column":4},"end":{"line":45,"column":5}},"type":"if","locations":[{"start":{"line":42,"column":4},"end":{"line":45,"column":5}},{"start":{},"end":{}}],"line":42},"1":{"loc":{"start":{"line":51,"column":6},"end":{"line":53,"column":57}},"type":"binary-expr","locations":[{"start":{"line":51,"column":6},"end":{"line":51,"column":54}},{"start":{"line":52,"column":6},"end":{"line":52,"column":56}},{"start":{"line":53,"column":6},"end":{"line":53,"column":57}}],"line":51},"2":{"loc":{"start":{"line":76,"column":2},"end":{"line":83,"column":3}},"type":"if","locations":[{"start":{"line":76,"column":2},"end":{"line":83,"column":3}},{"start":{},"end":{}}],"line":76},"3":{"loc":{"start":{"line":102,"column":9},"end":{"line":111,"column":9}},"type":"cond-expr","locations":[{"start":{"line":103,"column":10},"end":{"line":108,"column":12}},{"start":{"line":110,"column":10},"end":{"line":110,"column":71}}],"line":102}},"s":{"0":1,"1":1,"2":1,"3":1,"4":1,"5":1,"6":1,"7":0,"8":0,"9":1,"10":0,"11":0,"12":0,"13":0,"14":0,"15":0,"16":0,"17":0,"18":1,"19":0,"20":0,"21":1,"22":1,"23":0,"24":0,"25":1},"f":{"0":1,"1":1,"2":0,"3":0,"4":0,"5":0,"6":0,"7":0},"b":{"0":[0,0],"1":[0,0,0],"2":[1,0],"3":[0,0]},"_coverageSchema":"1a1c01bbd47fc00a2c39e90264f33305004495a9","hash":"9e8b3e12a3db8999efb6ed43868a363c5f56a4c2"}
,"/Users/youssef/MiniCap/Minicap/src/app/(tabs)/Home.tsx": {"path":"/Users/youssef/MiniCap/Minicap/src/app/(tabs)/Home.tsx","statementMap":{"0":{"start":{"line":6,"column":13},"end":{"line":16,"column":1}},"1":{"start":{"line":7,"column":2},"end":{"line":15,"column":4}}},"fnMap":{"0":{"name":"(anonymous_0)","decl":{"start":{"line":6,"column":13},"end":{"line":6,"column":14}},"loc":{"start":{"line":6,"column":19},"end":{"line":16,"column":1}},"line":6}},"branchMap":{},"s":{"0":1,"1":1},"f":{"0":1},"b":{},"_coverageSchema":"1a1c01bbd47fc00a2c39e90264f33305004495a9","hash":"e133a5c006d299a6434bde429cf26709cfc0dc6e"}
,"/Users/youssef/MiniCap/Minicap/src/app/styles/globalStyles.ts": {"path":"/Users/youssef/MiniCap/Minicap/src/app/styles/globalStyles.ts","statementMap":{"0":{"start":{"line":4,"column":15},"end":{"line":16,"column":1}},"1":{"start":{"line":19,"column":19},"end":{"line":157,"column":2}},"2":{"start":{"line":160,"column":19},"end":{"line":215,"column":2}},"3":{"start":{"line":218,"column":20},"end":{"line":237,"column":2}},"4":{"start":{"line":240,"column":25},"end":{"line":263,"column":1}},"5":{"start":{"line":266,"column":28},"end":{"line":271,"column":1}},"6":{"start":{"line":273,"column":25},"end":{"line":273,"column":52}}},"fnMap":{},"branchMap":{},"s":{"0":2,"1":2,"2":2,"3":2,"4":2,"5":2,"6":2},"f":{},"b":{},"_coverageSchema":"1a1c01bbd47fc00a2c39e90264f33305004495a9","hash":"97b9fd7b06eb04b916c937d0993f3cdba0b33a3a"}
,"/Users/youssef/MiniCap/Minicap/src/components/Loader.tsx": {"path":"/Users/youssef/MiniCap/Minicap/src/components/Loader.tsx","statementMap":{"0":{"start":{"line":9,"column":38},"end":{"line":30,"column":1}},"1":{"start":{"line":10,"column":23},"end":{"line":10,"column":54}},"2":{"start":{"line":12,"column":2},"end":{"line":12,"column":30}},"3":{"start":{"line":12,"column":18},"end":{"line":12,"column":30}},"4":{"start":{"line":14,"column":2},"end":{"line":29,"column":4}}},"fnMap":{"0":{"name":"(anonymous_0)","decl":{"start":{"line":9,"column":38},"end":{"line":9,"column":39}},"loc":{"start":{"line":9,"column":57},"end":{"line":30,"column":1}},"line":9}},"branchMap":{"0":{"loc":{"start":{"line":12,"column":2},"end":{"line":12,"column":30}},"type":"if","locations":[{"start":{"line":12,"column":2},"end":{"line":12,"column":30}},{"start":{},"end":{}}],"line":12}},"s":{"0":1,"1":2,"2":2,"3":1,"4":1},"f":{"0":2},"b":{"0":[1,1]},"_coverageSchema":"1a1c01bbd47fc00a2c39e90264f33305004495a9","hash":"1dc4b9a590e0a765a71077bfc49f399cba3eb61d"}
,"/Users/youssef/MiniCap/Minicap/src/components/ThemedText.tsx": {"path":"/Users/youssef/MiniCap/Minicap/src/components/ThemedText.tsx","statementMap":{"0":{"start":{"line":18,"column":16},"end":{"line":18,"column":77}},"1":{"start":{"line":20,"column":2},"end":{"line":33,"column":4}},"2":{"start":{"line":36,"column":15},"end":{"line":60,"column":2}}},"fnMap":{"0":{"name":"ThemedText","decl":{"start":{"line":11,"column":16},"end":{"line":11,"column":26}},"loc":{"start":{"line":17,"column":20},"end":{"line":34,"column":1}},"line":17}},"branchMap":{"0":{"loc":{"start":{"line":15,"column":2},"end":{"line":15,"column":18}},"type":"default-arg","locations":[{"start":{"line":15,"column":9},"end":{"line":15,"column":18}}],"line":15},"1":{"loc":{"start":{"line":24,"column":8},"end":{"line":24,"column":55}},"type":"cond-expr","locations":[{"start":{"line":24,"column":29},"end":{"line":24,"column":43}},{"start":{"line":24,"column":46},"end":{"line":24,"column":55}}],"line":24},"2":{"loc":{"start":{"line":25,"column":8},"end":{"line":25,"column":51}},"type":"cond-expr","locations":[{"start":{"line":25,"column":27},"end":{"line":25,"column":39}},{"start":{"line":25,"column":42},"end":{"line":25,"column":51}}],"line":25},"3":{"loc":{"start":{"line":26,"column":8},"end":{"line":26,"column":71}},"type":"cond-expr","locations":[{"start":{"line":26,"column":37},"end":{"line":26,"column":59}},{"start":{"line":26,"column":62},"end":{"line":26,"column":71}}],"line":26},"4":{"loc":{"start":{"line":27,"column":8},"end":{"line":27,"column":57}},"type":"cond-expr","locations":[{"start":{"line":27,"column":30},"end":{"line":27,"column":45}},{"start":{"line":27,"column":48},"end":{"line":27,"column":57}}],"line":27},"5":{"loc":{"start":{"line":28,"column":8},"end":{"line":28,"column":49}},"type":"cond-expr","locations":[{"start":{"line":28,"column":26},"end":{"line":28,"column":37}},{"start":{"line":28,"column":40},"end":{"line":28,"column":49}}],"line":28}},"s":{"0":7,"1":7,"2":1},"f":{"0":7},"b":{"0":[3],"1":[3,4],"2":[1,6],"3":[1,6],"4":[1,6],"5":[1,6]},"_coverageSchema":"1a1c01bbd47fc00a2c39e90264f33305004495a9","hash":"0ee1692d5239f199dcc939e1e86ac37abe88164f"}
,"/Users/youssef/MiniCap/Minicap/src/components/ThemedView.tsx": {"path":"/Users/youssef/MiniCap/Minicap/src/components/ThemedView.tsx","statementMap":{"0":{"start":{"line":16,"column":26},"end":{"line":19,"column":3}},"1":{"start":{"line":21,"column":2},"end":{"line":21,"column":71}}},"fnMap":{"0":{"name":"ThemedView","decl":{"start":{"line":10,"column":16},"end":{"line":10,"column":26}},"loc":{"start":{"line":15,"column":20},"end":{"line":22,"column":1}},"line":15}},"branchMap":{},"s":{"0":3,"1":3},"f":{"0":3},"b":{},"_coverageSchema":"1a1c01bbd47fc00a2c39e90264f33305004495a9","hash":"8e22655502649a5a92b509f2f9f282f7fabf6efa"}
,"/Users/youssef/MiniCap/Minicap/src/constants/Colors.ts": {"path":"/Users/youssef/MiniCap/Minicap/src/constants/Colors.ts","statementMap":{"0":{"start":{"line":6,"column":23},"end":{"line":6,"column":32}},"1":{"start":{"line":7,"column":22},"end":{"line":7,"column":28}},"2":{"start":{"line":9,"column":22},"end":{"line":26,"column":1}}},"fnMap":{},"branchMap":{},"s":{"0":1,"1":1,"2":1},"f":{},"b":{},"_coverageSchema":"1a1c01bbd47fc00a2c39e90264f33305004495a9","hash":"21e3d67cf1e2c7e34377198409480f0dc2b234b4"}
,"/Users/youssef/MiniCap/Minicap/src/hooks/useColorScheme.ts": {"path":"/Users/youssef/MiniCap/Minicap/src/hooks/useColorScheme.ts","statementMap":{},"fnMap":{},"branchMap":{},"s":{},"f":{},"b":{},"_coverageSchema":"1a1c01bbd47fc00a2c39e90264f33305004495a9","hash":"604cebc8be70ceac32027294bdffc2bf1040a740"}
,"/Users/youssef/MiniCap/Minicap/src/hooks/useThemeColor.ts": {"path":"/Users/youssef/MiniCap/Minicap/src/hooks/useThemeColor.ts","statementMap":{"0":{"start":{"line":13,"column":16},"end":{"line":13,"column":43}},"1":{"start":{"line":14,"column":25},"end":{"line":14,"column":37}},"2":{"start":{"line":16,"column":2},"end":{"line":20,"column":3}},"3":{"start":{"line":17,"column":4},"end":{"line":17,"column":26}},"4":{"start":{"line":19,"column":4},"end":{"line":19,"column":36}}},"fnMap":{"0":{"name":"useThemeColor","decl":{"start":{"line":9,"column":16},"end":{"line":9,"column":29}},"loc":{"start":{"line":12,"column":2},"end":{"line":21,"column":1}},"line":12}},"branchMap":{"0":{"loc":{"start":{"line":13,"column":16},"end":{"line":13,"column":43}},"type":"binary-expr","locations":[{"start":{"line":13,"column":16},"end":{"line":13,"column":32}},{"start":{"line":13,"column":36},"end":{"line":13,"column":43}}],"line":13},"1":{"loc":{"start":{"line":16,"column":2},"end":{"line":20,"column":3}},"type":"if","locations":[{"start":{"line":16,"column":2},"end":{"line":20,"column":3}},{"start":{"line":18,"column":9},"end":{"line":20,"column":3}}],"line":16}},"s":{"0":7,"1":7,"2":7,"3":1,"4":6},"f":{"0":7},"b":{"0":[7,0],"1":[1,6]},"_coverageSchema":"1a1c01bbd47fc00a2c39e90264f33305004495a9","hash":"40209dcaa685eb4f8a29dc1cc1118ab22f2abef5"}
}
