{"C:\\Users\\luhud\\Downloads\\Github Repo\\Minicap\\src\\app\\utils.tsx": {"path":"C:\\Users\\luhud\\Downloads\\Github Repo\\Minicap\\src\\app\\utils.tsx","statementMap":{"0":{"start":{"line":3,"column":32},"end":{"line":3,"column":56}},"1":{"start":{"line":4,"column":19},"end":{"line":4,"column":22}},"2":{"start":{"line":6,"column":19},"end":{"line":8,"column":1}},"3":{"start":{"line":7,"column":2},"end":{"line":7,"column":77}}},"fnMap":{"0":{"name":"(anonymous_0)","decl":{"start":{"line":6,"column":19},"end":{"line":6,"column":20}},"loc":{"start":{"line":6,"column":46},"end":{"line":8,"column":1}},"line":6}},"branchMap":{},"s":{"0":2,"1":2,"2":2,"3":116},"f":{"0":116},"b":{},"_coverageSchema":"1a1c01bbd47fc00a2c39e90264f33305004495a9","hash":"2421c7d4258e479fa1f950e580515e4c490530d0"}
,"C:\\Users\\luhud\\Downloads\\Github Repo\\Minicap\\src\\app\\(tabs)\\CampusMap.tsx": {"path":"C:\\Users\\luhud\\Downloads\\Github Repo\\Minicap\\src\\app\\(tabs)\\CampusMap.tsx","statementMap":{"0":{"start":{"line":21,"column":44},"end":{"line":28,"column":1}},"1":{"start":{"line":30,"column":47},"end":{"line":37,"column":1}},"2":{"start":{"line":45,"column":26},"end":{"line":50,"column":1}},"3":{"start":{"line":52,"column":29},"end":{"line":57,"column":1}},"4":{"start":{"line":59,"column":44},"end":{"line":385,"column":1}},"5":{"start":{"line":60,"column":17},"end":{"line":60,"column":70}},"6":{"start":{"line":62,"column":4},"end":{"line":64,"column":29}},"7":{"start":{"line":65,"column":17},"end":{"line":65,"column":45}},"8":{"start":{"line":66,"column":42},"end":{"line":66,"column":71}},"9":{"start":{"line":67,"column":52},"end":{"line":67,"column":76}},"10":{"start":{"line":68,"column":44},"end":{"line":68,"column":73}},"11":{"start":{"line":69,"column":42},"end":{"line":69,"column":57}},"12":{"start":{"line":70,"column":42},"end":{"line":76,"column":17}},"13":{"start":{"line":77,"column":54},"end":{"line":79,"column":3}},"14":{"start":{"line":80,"column":34},"end":{"line":80,"column":53}},"15":{"start":{"line":82,"column":2},"end":{"line":110,"column":9}},"16":{"start":{"line":83,"column":38},"end":{"line":107,"column":5}},"17":{"start":{"line":84,"column":6},"end":{"line":106,"column":7}},"18":{"start":{"line":86,"column":10},"end":{"line":86,"column":60}},"19":{"start":{"line":87,"column":8},"end":{"line":90,"column":9}},"20":{"start":{"line":88,"column":10},"end":{"line":88,"column":71}},"21":{"start":{"line":89,"column":10},"end":{"line":89,"column":17}},"22":{"start":{"line":92,"column":8},"end":{"line":92,"column":35}},"23":{"start":{"line":93,"column":25},"end":{"line":95,"column":10}},"24":{"start":{"line":97,"column":8},"end":{"line":102,"column":11}},"25":{"start":{"line":104,"column":8},"end":{"line":104,"column":54}},"26":{"start":{"line":105,"column":8},"end":{"line":105,"column":51}},"27":{"start":{"line":109,"column":4},"end":{"line":109,"column":32}},"28":{"start":{"line":112,"column":2},"end":{"line":116,"column":15}},"29":{"start":{"line":113,"column":4},"end":{"line":115,"column":5}},"30":{"start":{"line":114,"column":6},"end":{"line":114,"column":51}},"31":{"start":{"line":119,"column":27},"end":{"line":136,"column":3}},"32":{"start":{"line":120,"column":17},"end":{"line":120,"column":22}},"33":{"start":{"line":121,"column":14},"end":{"line":121,"column":29}},"34":{"start":{"line":122,"column":10},"end":{"line":122,"column":24}},"35":{"start":{"line":124,"column":4},"end":{"line":133,"column":5}},"36":{"start":{"line":124,"column":17},"end":{"line":124,"column":18}},"37":{"start":{"line":124,"column":24},"end":{"line":124,"column":42}},"38":{"start":{"line":125,"column":17},"end":{"line":125,"column":37}},"39":{"start":{"line":126,"column":13},"end":{"line":126,"column":32}},"40":{"start":{"line":127,"column":17},"end":{"line":127,"column":37}},"41":{"start":{"line":128,"column":13},"end":{"line":128,"column":32}},"42":{"start":{"line":131,"column":8},"end":{"line":131,"column":72}},"43":{"start":{"line":132,"column":6},"end":{"line":132,"column":38}},"44":{"start":{"line":132,"column":21},"end":{"line":132,"column":38}},"45":{"start":{"line":135,"column":4},"end":{"line":135,"column":18}},"46":{"start":{"line":138,"column":26},"end":{"line":230,"column":3}},"47":{"start":{"line":139,"column":4},"end":{"line":229,"column":7}},"48":{"start":{"line":140,"column":6},"end":{"line":145,"column":7}},"49":{"start":{"line":141,"column":8},"end":{"line":143,"column":10}},"50":{"start":{"line":144,"column":8},"end":{"line":144,"column":20}},"51":{"start":{"line":147,"column":36},"end":{"line":156,"column":59}},"52":{"start":{"line":149,"column":10},"end":{"line":152,"column":11}},"53":{"start":{"line":150,"column":42},"end":{"line":150,"column":48}},"54":{"start":{"line":151,"column":12},"end":{"line":151,"column":43}},"55":{"start":{"line":153,"column":10},"end":{"line":153,"column":75}},"56":{"start":{"line":154,"column":10},"end":{"line":154,"column":22}},"57":{"start":{"line":156,"column":44},"end":{"line":156,"column":58}},"58":{"start":{"line":158,"column":6},"end":{"line":158,"column":48}},"59":{"start":{"line":158,"column":36},"end":{"line":158,"column":48}},"60":{"start":{"line":160,"column":21},"end":{"line":169,"column":7}},"61":{"start":{"line":162,"column":10},"end":{"line":165,"column":11}},"62":{"start":{"line":163,"column":12},"end":{"line":163,"column":42}},"63":{"start":{"line":164,"column":12},"end":{"line":164,"column":44}},"64":{"start":{"line":166,"column":10},"end":{"line":166,"column":21}},"65":{"start":{"line":171,"column":6},"end":{"line":171,"column":44}},"66":{"start":{"line":172,"column":6},"end":{"line":172,"column":45}},"67":{"start":{"line":175,"column":8},"end":{"line":175,"column":67}},"68":{"start":{"line":176,"column":25},"end":{"line":176,"column":60}},"69":{"start":{"line":178,"column":28},"end":{"line":183,"column":7}},"70":{"start":{"line":186,"column":8},"end":{"line":192,"column":33}},"71":{"start":{"line":194,"column":35},"end":{"line":194,"column":78}},"72":{"start":{"line":196,"column":6},"end":{"line":228,"column":8}},"73":{"start":{"line":208,"column":14},"end":{"line":214,"column":17}},"74":{"start":{"line":215,"column":14},"end":{"line":215,"column":50}},"75":{"start":{"line":232,"column":29},"end":{"line":268,"column":3}},"76":{"start":{"line":233,"column":4},"end":{"line":267,"column":5}},"77":{"start":{"line":234,"column":6},"end":{"line":234,"column":28}},"78":{"start":{"line":235,"column":6},"end":{"line":235,"column":29}},"79":{"start":{"line":237,"column":6},"end":{"line":244,"column":7}},"80":{"start":{"line":238,"column":27},"end":{"line":238,"column":77}},"81":{"start":{"line":239,"column":8},"end":{"line":242,"column":9}},"82":{"start":{"line":240,"column":10},"end":{"line":240,"column":59}},"83":{"start":{"line":241,"column":10},"end":{"line":241,"column":17}},"84":{"start":{"line":243,"column":8},"end":{"line":243,"column":35}},"85":{"start":{"line":246,"column":23},"end":{"line":248,"column":8}},"86":{"start":{"line":250,"column":24},"end":{"line":258,"column":7}},"87":{"start":{"line":260,"column":6},"end":{"line":260,"column":33}},"88":{"start":{"line":261,"column":6},"end":{"line":261,"column":55}},"89":{"start":{"line":263,"column":6},"end":{"line":263,"column":55}},"90":{"start":{"line":264,"column":6},"end":{"line":264,"column":57}},"91":{"start":{"line":266,"column":6},"end":{"line":266,"column":29}},"92":{"start":{"line":270,"column":25},"end":{"line":275,"column":3}},"93":{"start":{"line":271,"column":4},"end":{"line":274,"column":5}},"94":{"start":{"line":272,"column":6},"end":{"line":272,"column":28}},"95":{"start":{"line":273,"column":6},"end":{"line":273,"column":34}},"96":{"start":{"line":277,"column":31},"end":{"line":300,"column":3}},"97":{"start":{"line":278,"column":4},"end":{"line":299,"column":5}},"98":{"start":{"line":279,"column":30},"end":{"line":290,"column":7}},"99":{"start":{"line":292,"column":23},"end":{"line":295,"column":7}},"100":{"start":{"line":297,"column":6},"end":{"line":297,"column":28}},"101":{"start":{"line":298,"column":6},"end":{"line":298,"column":67}},"102":{"start":{"line":302,"column":2},"end":{"line":384,"column":4}},"103":{"start":{"line":314,"column":25},"end":{"line":314,"column":45}},"104":{"start":{"line":387,"column":33},"end":{"line":420,"column":1}},"105":{"start":{"line":388,"column":40},"end":{"line":388,"column":54}},"106":{"start":{"line":389,"column":26},"end":{"line":389,"column":72}},"107":{"start":{"line":391,"column":2},"end":{"line":419,"column":4}},"108":{"start":{"line":406,"column":35},"end":{"line":406,"column":63}}},"fnMap":{"0":{"name":"(anonymous_0)","decl":{"start":{"line":59,"column":44},"end":{"line":59,"column":45}},"loc":{"start":{"line":59,"column":62},"end":{"line":385,"column":1}},"line":59},"1":{"name":"(anonymous_1)","decl":{"start":{"line":82,"column":12},"end":{"line":82,"column":13}},"loc":{"start":{"line":82,"column":18},"end":{"line":110,"column":3}},"line":82},"2":{"name":"(anonymous_2)","decl":{"start":{"line":83,"column":38},"end":{"line":83,"column":39}},"loc":{"start":{"line":83,"column":50},"end":{"line":107,"column":5}},"line":83},"3":{"name":"(anonymous_3)","decl":{"start":{"line":112,"column":12},"end":{"line":112,"column":13}},"loc":{"start":{"line":112,"column":18},"end":{"line":116,"column":3}},"line":112},"4":{"name":"(anonymous_4)","decl":{"start":{"line":119,"column":27},"end":{"line":119,"column":28}},"loc":{"start":{"line":119,"column":74},"end":{"line":136,"column":3}},"line":119},"5":{"name":"(anonymous_5)","decl":{"start":{"line":138,"column":26},"end":{"line":138,"column":27}},"loc":{"start":{"line":138,"column":32},"end":{"line":230,"column":3}},"line":138},"6":{"name":"(anonymous_6)","decl":{"start":{"line":139,"column":29},"end":{"line":139,"column":30}},"loc":{"start":{"line":139,"column":43},"end":{"line":229,"column":5}},"line":139},"7":{"name":"(anonymous_7)","decl":{"start":{"line":148,"column":13},"end":{"line":148,"column":14}},"loc":{"start":{"line":148,"column":25},"end":{"line":155,"column":9}},"line":148},"8":{"name":"(anonymous_8)","decl":{"start":{"line":156,"column":16},"end":{"line":156,"column":17}},"loc":{"start":{"line":156,"column":44},"end":{"line":156,"column":58}},"line":156},"9":{"name":"(anonymous_9)","decl":{"start":{"line":161,"column":8},"end":{"line":161,"column":9}},"loc":{"start":{"line":161,"column":23},"end":{"line":167,"column":9}},"line":161},"10":{"name":"(anonymous_10)","decl":{"start":{"line":207,"column":21},"end":{"line":207,"column":22}},"loc":{"start":{"line":207,"column":27},"end":{"line":216,"column":13}},"line":207},"11":{"name":"(anonymous_11)","decl":{"start":{"line":232,"column":29},"end":{"line":232,"column":30}},"loc":{"start":{"line":232,"column":41},"end":{"line":268,"column":3}},"line":232},"12":{"name":"(anonymous_12)","decl":{"start":{"line":270,"column":25},"end":{"line":270,"column":26}},"loc":{"start":{"line":270,"column":31},"end":{"line":275,"column":3}},"line":270},"13":{"name":"(anonymous_13)","decl":{"start":{"line":277,"column":31},"end":{"line":277,"column":32}},"loc":{"start":{"line":277,"column":37},"end":{"line":300,"column":3}},"line":277},"14":{"name":"(anonymous_14)","decl":{"start":{"line":314,"column":15},"end":{"line":314,"column":16}},"loc":{"start":{"line":314,"column":25},"end":{"line":314,"column":45}},"line":314},"15":{"name":"(anonymous_15)","decl":{"start":{"line":387,"column":33},"end":{"line":387,"column":34}},"loc":{"start":{"line":387,"column":39},"end":{"line":420,"column":1}},"line":387},"16":{"name":"(anonymous_16)","decl":{"start":{"line":406,"column":29},"end":{"line":406,"column":30}},"loc":{"start":{"line":406,"column":35},"end":{"line":406,"column":63}},"line":406}},"branchMap":{"0":{"loc":{"start":{"line":60,"column":17},"end":{"line":60,"column":70}},"type":"cond-expr","locations":[{"start":{"line":60,"column":46},"end":{"line":60,"column":55}},{"start":{"line":60,"column":58},"end":{"line":60,"column":70}}],"line":60},"1":{"loc":{"start":{"line":62,"column":4},"end":{"line":64,"column":29}},"type":"cond-expr","locations":[{"start":{"line":63,"column":8},"end":{"line":63,"column":26}},{"start":{"line":64,"column":8},"end":{"line":64,"column":29}}],"line":62},"2":{"loc":{"start":{"line":87,"column":8},"end":{"line":90,"column":9}},"type":"if","locations":[{"start":{"line":87,"column":8},"end":{"line":90,"column":9}},{"start":{},"end":{}}],"line":87},"3":{"loc":{"start":{"line":113,"column":4},"end":{"line":115,"column":5}},"type":"if","locations":[{"start":{"line":113,"column":4},"end":{"line":115,"column":5}},{"start":{},"end":{}}],"line":113},"4":{"loc":{"start":{"line":131,"column":8},"end":{"line":131,"column":72}},"type":"binary-expr","locations":[{"start":{"line":131,"column":8},"end":{"line":131,"column":25}},{"start":{"line":131,"column":29},"end":{"line":131,"column":72}}],"line":131},"5":{"loc":{"start":{"line":132,"column":6},"end":{"line":132,"column":38}},"type":"if","locations":[{"start":{"line":132,"column":6},"end":{"line":132,"column":38}},{"start":{},"end":{}}],"line":132},"6":{"loc":{"start":{"line":140,"column":6},"end":{"line":145,"column":7}},"type":"if","locations":[{"start":{"line":140,"column":6},"end":{"line":145,"column":7}},{"start":{},"end":{}}],"line":140},"7":{"loc":{"start":{"line":149,"column":10},"end":{"line":152,"column":11}},"type":"if","locations":[{"start":{"line":149,"column":10},"end":{"line":152,"column":11}},{"start":{},"end":{}}],"line":149},"8":{"loc":{"start":{"line":149,"column":14},"end":{"line":149,"column":58}},"type":"binary-expr","locations":[{"start":{"line":149,"column":14},"end":{"line":149,"column":35}},{"start":{"line":149,"column":39},"end":{"line":149,"column":58}}],"line":149},"9":{"loc":{"start":{"line":158,"column":6},"end":{"line":158,"column":48}},"type":"if","locations":[{"start":{"line":158,"column":6},"end":{"line":158,"column":48}},{"start":{},"end":{}}],"line":158},"10":{"loc":{"start":{"line":162,"column":10},"end":{"line":165,"column":11}},"type":"if","locations":[{"start":{"line":162,"column":10},"end":{"line":165,"column":11}},{"start":{},"end":{}}],"line":162},"11":{"loc":{"start":{"line":175,"column":8},"end":{"line":175,"column":67}},"type":"binary-expr","locations":[{"start":{"line":175,"column":8},"end":{"line":175,"column":20}},{"start":{"line":175,"column":24},"end":{"line":175,"column":67}}],"line":175},"12":{"loc":{"start":{"line":186,"column":8},"end":{"line":192,"column":33}},"type":"cond-expr","locations":[{"start":{"line":187,"column":12},"end":{"line":187,"column":40}},{"start":{"line":188,"column":12},"end":{"line":192,"column":33}}],"line":186},"13":{"loc":{"start":{"line":186,"column":8},"end":{"line":186,"column":30}},"type":"binary-expr","locations":[{"start":{"line":186,"column":8},"end":{"line":186,"column":16}},{"start":{"line":186,"column":20},"end":{"line":186,"column":30}}],"line":186},"14":{"loc":{"start":{"line":188,"column":12},"end":{"line":192,"column":33}},"type":"cond-expr","locations":[{"start":{"line":189,"column":12},"end":{"line":189,"column":32}},{"start":{"line":190,"column":12},"end":{"line":192,"column":33}}],"line":188},"15":{"loc":{"start":{"line":190,"column":12},"end":{"line":192,"column":33}},"type":"cond-expr","locations":[{"start":{"line":191,"column":12},"end":{"line":191,"column":34}},{"start":{"line":192,"column":12},"end":{"line":192,"column":33}}],"line":190},"16":{"loc":{"start":{"line":237,"column":6},"end":{"line":244,"column":7}},"type":"if","locations":[{"start":{"line":237,"column":6},"end":{"line":244,"column":7}},{"start":{},"end":{}}],"line":237},"17":{"loc":{"start":{"line":239,"column":8},"end":{"line":242,"column":9}},"type":"if","locations":[{"start":{"line":239,"column":8},"end":{"line":242,"column":9}},{"start":{},"end":{}}],"line":239},"18":{"loc":{"start":{"line":271,"column":4},"end":{"line":274,"column":5}},"type":"if","locations":[{"start":{"line":271,"column":4},"end":{"line":274,"column":5}},{"start":{},"end":{}}],"line":271},"19":{"loc":{"start":{"line":278,"column":4},"end":{"line":299,"column":5}},"type":"if","locations":[{"start":{"line":278,"column":4},"end":{"line":299,"column":5}},{"start":{},"end":{}}],"line":278},"20":{"loc":{"start":{"line":281,"column":20},"end":{"line":281,"column":47}},"type":"binary-expr","locations":[{"start":{"line":281,"column":20},"end":{"line":281,"column":42}},{"start":{"line":281,"column":46},"end":{"line":281,"column":47}}],"line":281},"21":{"loc":{"start":{"line":282,"column":21},"end":{"line":282,"column":49}},"type":"binary-expr","locations":[{"start":{"line":282,"column":21},"end":{"line":282,"column":44}},{"start":{"line":282,"column":48},"end":{"line":282,"column":49}}],"line":282},"22":{"loc":{"start":{"line":305,"column":9},"end":{"line":312,"column":16}},"type":"cond-expr","locations":[{"start":{"line":306,"column":10},"end":{"line":311,"column":17}},{"start":{"line":312,"column":12},"end":{"line":312,"column":16}}],"line":305},"23":{"loc":{"start":{"line":331,"column":11},"end":{"line":338,"column":11}},"type":"binary-expr","locations":[{"start":{"line":331,"column":11},"end":{"line":331,"column":28}},{"start":{"line":331,"column":32},"end":{"line":331,"column":44}},{"start":{"line":332,"column":12},"end":{"line":337,"column":14}}],"line":331},"24":{"loc":{"start":{"line":342,"column":9},"end":{"line":363,"column":9}},"type":"binary-expr","locations":[{"start":{"line":342,"column":9},"end":{"line":342,"column":21}},{"start":{"line":343,"column":10},"end":{"line":362,"column":17}}],"line":342},"25":{"loc":{"start":{"line":368,"column":12},"end":{"line":370,"column":18}},"type":"cond-expr","locations":[{"start":{"line":369,"column":17},"end":{"line":369,"column":64}},{"start":{"line":370,"column":16},"end":{"line":370,"column":18}}],"line":368},"26":{"loc":{"start":{"line":376,"column":11},"end":{"line":380,"column":11}},"type":"cond-expr","locations":[{"start":{"line":377,"column":12},"end":{"line":377,"column":60}},{"start":{"line":379,"column":12},"end":{"line":379,"column":75}}],"line":376},"27":{"loc":{"start":{"line":389,"column":26},"end":{"line":389,"column":72}},"type":"cond-expr","locations":[{"start":{"line":389,"column":40},"end":{"line":389,"column":53}},{"start":{"line":389,"column":56},"end":{"line":389,"column":72}}],"line":389}},"s":{"0":1,"1":1,"2":1,"3":1,"4":1,"5":41,"6":41,"7":41,"8":41,"9":41,"10":41,"11":41,"12":41,"13":41,"14":41,"15":41,"16":16,"17":16,"18":16,"19":16,"20":1,"21":1,"22":15,"23":15,"24":14,"25":1,"26":1,"27":16,"28":41,"29":20,"30":0,"31":41,"32":1426,"33":1426,"34":1426,"35":1426,"36":1426,"37":1426,"38":22310,"39":22310,"40":22310,"41":22310,"42":22310,"43":22310,"44":0,"45":1426,"46":41,"47":41,"48":2583,"49":41,"50":41,"51":2542,"52":39770,"53":39770,"54":39770,"55":0,"56":0,"57":39770,"58":2542,"59":0,"60":2542,"61":39770,"62":39770,"63":39770,"64":39770,"65":2542,"66":2542,"67":2542,"68":2542,"69":2542,"70":2542,"71":2542,"72":2542,"73":4,"74":4,"75":41,"76":3,"77":3,"78":3,"79":3,"80":1,"81":1,"82":0,"83":0,"84":1,"85":3,"86":3,"87":3,"88":3,"89":0,"90":0,"91":3,"92":41,"93":1,"94":1,"95":1,"96":41,"97":0,"98":0,"99":0,"100":0,"101":0,"102":41,"103":82,"104":1,"105":20,"106":20,"107":20,"108":4},"f":{"0":41,"1":16,"2":16,"3":20,"4":1426,"5":41,"6":2583,"7":39770,"8":39770,"9":39770,"10":4,"11":3,"12":1,"13":0,"14":82,"15":20,"16":4},"b":{"0":[39,2],"1":[39,2],"2":[1,15],"3":[0,20],"4":[22310,0],"5":[0,22310],"6":[41,2542],"7":[39770,0],"8":[39770,39770],"9":[0,2542],"10":[39770,0],"11":[2542,1426],"12":[0,2542],"13":[2542,0],"14":[0,2542],"15":[4,2538],"16":[1,2],"17":[0,1],"18":[1,0],"19":[0,0],"20":[0,0],"21":[0,0],"22":[2,39],"23":[41,24,23],"24":[41,4],"25":[0,41],"26":[0,41],"27":[18,2]},"_coverageSchema":"1a1c01bbd47fc00a2c39e90264f33305004495a9","hash":"9373d7b79c91559beef5a00b9251520c7335b8f2"}
,"C:\\Users\\luhud\\Downloads\\Github Repo\\Minicap\\src\\app\\(tabs)\\FindBuilding.tsx": {"path":"C:\\Users\\luhud\\Downloads\\Github Repo\\Minicap\\src\\app\\(tabs)\\FindBuilding.tsx","statementMap":{"0":{"start":{"line":32,"column":30},"end":{"line":32,"column":43}},"1":{"start":{"line":34,"column":21},"end":{"line":153,"column":1}},"2":{"start":{"line":35,"column":40},"end":{"line":35,"column":60}},"3":{"start":{"line":36,"column":52},"end":{"line":36,"column":76}},"4":{"start":{"line":37,"column":36},"end":{"line":37,"column":59}},"5":{"start":{"line":39,"column":2},"end":{"line":45,"column":9}},"6":{"start":{"line":41,"column":4},"end":{"line":44,"column":13}},"7":{"start":{"line":42,"column":6},"end":{"line":42,"column":38}},"8":{"start":{"line":43,"column":6},"end":{"line":43,"column":26}},"9":{"start":{"line":47,"column":23},"end":{"line":66,"column":3}},"10":{"start":{"line":48,"column":4},"end":{"line":48,"column":26}},"11":{"start":{"line":50,"column":4},"end":{"line":53,"column":5}},"12":{"start":{"line":51,"column":6},"end":{"line":51,"column":38}},"13":{"start":{"line":52,"column":6},"end":{"line":52,"column":13}},"14":{"start":{"line":55,"column":23},"end":{"line":55,"column":42}},"15":{"start":{"line":58,"column":21},"end":{"line":63,"column":5}},"16":{"start":{"line":60,"column":8},"end":{"line":62,"column":59}},"17":{"start":{"line":65,"column":4},"end":{"line":65,"column":35}},"18":{"start":{"line":68,"column":29},"end":{"line":106,"column":3}},"19":{"start":{"line":69,"column":4},"end":{"line":105,"column":23}},"20":{"start":{"line":73,"column":21},"end":{"line":73,"column":60}},"21":{"start":{"line":108,"column":2},"end":{"line":115,"column":3}},"22":{"start":{"line":109,"column":4},"end":{"line":114,"column":6}},"23":{"start":{"line":117,"column":2},"end":{"line":152,"column":4}},"24":{"start":{"line":143,"column":36},"end":{"line":143,"column":55}},"25":{"start":{"line":155,"column":15},"end":{"line":257,"column":2}}},"fnMap":{"0":{"name":"(anonymous_0)","decl":{"start":{"line":34,"column":21},"end":{"line":34,"column":22}},"loc":{"start":{"line":34,"column":27},"end":{"line":153,"column":1}},"line":34},"1":{"name":"(anonymous_1)","decl":{"start":{"line":39,"column":12},"end":{"line":39,"column":13}},"loc":{"start":{"line":39,"column":18},"end":{"line":45,"column":3}},"line":39},"2":{"name":"(anonymous_2)","decl":{"start":{"line":41,"column":15},"end":{"line":41,"column":16}},"loc":{"start":{"line":41,"column":21},"end":{"line":44,"column":5}},"line":41},"3":{"name":"(anonymous_3)","decl":{"start":{"line":47,"column":23},"end":{"line":47,"column":24}},"loc":{"start":{"line":47,"column":42},"end":{"line":66,"column":3}},"line":47},"4":{"name":"(anonymous_4)","decl":{"start":{"line":59,"column":6},"end":{"line":59,"column":7}},"loc":{"start":{"line":60,"column":8},"end":{"line":62,"column":59}},"line":60},"5":{"name":"(anonymous_5)","decl":{"start":{"line":68,"column":29},"end":{"line":68,"column":30}},"loc":{"start":{"line":69,"column":4},"end":{"line":105,"column":23}},"line":69},"6":{"name":"(anonymous_6)","decl":{"start":{"line":73,"column":15},"end":{"line":73,"column":16}},"loc":{"start":{"line":73,"column":21},"end":{"line":73,"column":60}},"line":73},"7":{"name":"(anonymous_7)","decl":{"start":{"line":143,"column":26},"end":{"line":143,"column":27}},"loc":{"start":{"line":143,"column":36},"end":{"line":143,"column":55}},"line":143}},"branchMap":{"0":{"loc":{"start":{"line":50,"column":4},"end":{"line":53,"column":5}},"type":"if","locations":[{"start":{"line":50,"column":4},"end":{"line":53,"column":5}},{"start":{},"end":{}}],"line":50},"1":{"loc":{"start":{"line":60,"column":8},"end":{"line":62,"column":59}},"type":"binary-expr","locations":[{"start":{"line":60,"column":8},"end":{"line":60,"column":56}},{"start":{"line":61,"column":8},"end":{"line":61,"column":58}},{"start":{"line":62,"column":8},"end":{"line":62,"column":59}}],"line":60},"2":{"loc":{"start":{"line":108,"column":2},"end":{"line":115,"column":3}},"type":"if","locations":[{"start":{"line":108,"column":2},"end":{"line":115,"column":3}},{"start":{},"end":{}}],"line":108},"3":{"loc":{"start":{"line":140,"column":9},"end":{"line":149,"column":9}},"type":"cond-expr","locations":[{"start":{"line":141,"column":10},"end":{"line":146,"column":12}},{"start":{"line":148,"column":10},"end":{"line":148,"column":71}}],"line":140}},"s":{"0":1,"1":1,"2":18,"3":18,"4":18,"5":18,"6":6,"7":6,"8":6,"9":18,"10":6,"11":6,"12":0,"13":0,"14":6,"15":6,"16":378,"17":6,"18":18,"19":74,"20":3,"21":18,"22":6,"23":12,"24":99,"25":1},"f":{"0":18,"1":6,"2":6,"3":6,"4":378,"5":74,"6":3,"7":99},"b":{"0":[0,6],"1":[378,374,346],"2":[6,12],"3":[11,1]},"_coverageSchema":"1a1c01bbd47fc00a2c39e90264f33305004495a9","hash":"066b881c267766ed677d31dc3b5a6b53b669cca7"}
,"C:\\Users\\luhud\\Downloads\\Github Repo\\Minicap\\src\\app\\(tabs)\\Home.tsx": {"path":"C:\\Users\\luhud\\Downloads\\Github Repo\\Minicap\\src\\app\\(tabs)\\Home.tsx","statementMap":{"0":{"start":{"line":6,"column":13},"end":{"line":16,"column":1}},"1":{"start":{"line":7,"column":2},"end":{"line":15,"column":4}}},"fnMap":{"0":{"name":"(anonymous_0)","decl":{"start":{"line":6,"column":13},"end":{"line":6,"column":14}},"loc":{"start":{"line":6,"column":19},"end":{"line":16,"column":1}},"line":6}},"branchMap":{},"s":{"0":1,"1":1},"f":{"0":1},"b":{},"_coverageSchema":"1a1c01bbd47fc00a2c39e90264f33305004495a9","hash":"14a8108db66b32fd16ad974ef34421bf397f00be"}
,"C:\\Users\\luhud\\Downloads\\Github Repo\\Minicap\\src\\app\\styles\\globalStyles.ts": {"path":"C:\\Users\\luhud\\Downloads\\Github Repo\\Minicap\\src\\app\\styles\\globalStyles.ts","statementMap":{"0":{"start":{"line":4,"column":15},"end":{"line":16,"column":1}},"1":{"start":{"line":19,"column":19},"end":{"line":157,"column":2}},"2":{"start":{"line":160,"column":19},"end":{"line":215,"column":2}},"3":{"start":{"line":218,"column":20},"end":{"line":237,"column":2}},"4":{"start":{"line":240,"column":25},"end":{"line":263,"column":1}},"5":{"start":{"line":266,"column":28},"end":{"line":271,"column":1}},"6":{"start":{"line":273,"column":25},"end":{"line":273,"column":52}}},"fnMap":{},"branchMap":{},"s":{"0":2,"1":2,"2":2,"3":2,"4":2,"5":2,"6":2},"f":{},"b":{},"_coverageSchema":"1a1c01bbd47fc00a2c39e90264f33305004495a9","hash":"2c57c2bfe121d346a347bffd6d6c27aa8058064a"}
,"C:\\Users\\luhud\\Downloads\\Github Repo\\Minicap\\src\\components\\Loader.tsx": {"path":"C:\\Users\\luhud\\Downloads\\Github Repo\\Minicap\\src\\components\\Loader.tsx","statementMap":{"0":{"start":{"line":9,"column":38},"end":{"line":30,"column":1}},"1":{"start":{"line":10,"column":23},"end":{"line":10,"column":54}},"2":{"start":{"line":12,"column":2},"end":{"line":12,"column":30}},"3":{"start":{"line":12,"column":18},"end":{"line":12,"column":30}},"4":{"start":{"line":14,"column":2},"end":{"line":29,"column":4}}},"fnMap":{"0":{"name":"(anonymous_0)","decl":{"start":{"line":9,"column":38},"end":{"line":9,"column":39}},"loc":{"start":{"line":9,"column":57},"end":{"line":30,"column":1}},"line":9}},"branchMap":{"0":{"loc":{"start":{"line":12,"column":2},"end":{"line":12,"column":30}},"type":"if","locations":[{"start":{"line":12,"column":2},"end":{"line":12,"column":30}},{"start":{},"end":{}}],"line":12}},"s":{"0":1,"1":2,"2":2,"3":1,"4":1},"f":{"0":2},"b":{"0":[1,1]},"_coverageSchema":"1a1c01bbd47fc00a2c39e90264f33305004495a9","hash":"6847cf4676b2ea0b0d1fcaf5806e3518636187d9"}
,"C:\\Users\\luhud\\Downloads\\Github Repo\\Minicap\\src\\components\\ThemedText.tsx": {"path":"C:\\Users\\luhud\\Downloads\\Github Repo\\Minicap\\src\\components\\ThemedText.tsx","statementMap":{"0":{"start":{"line":18,"column":16},"end":{"line":18,"column":77}},"1":{"start":{"line":20,"column":2},"end":{"line":33,"column":4}},"2":{"start":{"line":36,"column":15},"end":{"line":60,"column":2}}},"fnMap":{"0":{"name":"ThemedText","decl":{"start":{"line":11,"column":16},"end":{"line":11,"column":26}},"loc":{"start":{"line":17,"column":20},"end":{"line":34,"column":1}},"line":17}},"branchMap":{"0":{"loc":{"start":{"line":15,"column":2},"end":{"line":15,"column":18}},"type":"default-arg","locations":[{"start":{"line":15,"column":9},"end":{"line":15,"column":18}}],"line":15},"1":{"loc":{"start":{"line":24,"column":8},"end":{"line":24,"column":55}},"type":"cond-expr","locations":[{"start":{"line":24,"column":29},"end":{"line":24,"column":43}},{"start":{"line":24,"column":46},"end":{"line":24,"column":55}}],"line":24},"2":{"loc":{"start":{"line":25,"column":8},"end":{"line":25,"column":51}},"type":"cond-expr","locations":[{"start":{"line":25,"column":27},"end":{"line":25,"column":39}},{"start":{"line":25,"column":42},"end":{"line":25,"column":51}}],"line":25},"3":{"loc":{"start":{"line":26,"column":8},"end":{"line":26,"column":71}},"type":"cond-expr","locations":[{"start":{"line":26,"column":37},"end":{"line":26,"column":59}},{"start":{"line":26,"column":62},"end":{"line":26,"column":71}}],"line":26},"4":{"loc":{"start":{"line":27,"column":8},"end":{"line":27,"column":57}},"type":"cond-expr","locations":[{"start":{"line":27,"column":30},"end":{"line":27,"column":45}},{"start":{"line":27,"column":48},"end":{"line":27,"column":57}}],"line":27},"5":{"loc":{"start":{"line":28,"column":8},"end":{"line":28,"column":49}},"type":"cond-expr","locations":[{"start":{"line":28,"column":26},"end":{"line":28,"column":37}},{"start":{"line":28,"column":40},"end":{"line":28,"column":49}}],"line":28}},"s":{"0":7,"1":7,"2":1},"f":{"0":7},"b":{"0":[3],"1":[3,4],"2":[1,6],"3":[1,6],"4":[1,6],"5":[1,6]},"_coverageSchema":"1a1c01bbd47fc00a2c39e90264f33305004495a9","hash":"51e486a109054aeae1ab5eccace17aa569889f51"}
,"C:\\Users\\luhud\\Downloads\\Github Repo\\Minicap\\src\\components\\ThemedView.tsx": {"path":"C:\\Users\\luhud\\Downloads\\Github Repo\\Minicap\\src\\components\\ThemedView.tsx","statementMap":{"0":{"start":{"line":16,"column":26},"end":{"line":19,"column":3}},"1":{"start":{"line":21,"column":2},"end":{"line":21,"column":71}}},"fnMap":{"0":{"name":"ThemedView","decl":{"start":{"line":10,"column":16},"end":{"line":10,"column":26}},"loc":{"start":{"line":15,"column":20},"end":{"line":22,"column":1}},"line":15}},"branchMap":{},"s":{"0":3,"1":3},"f":{"0":3},"b":{},"_coverageSchema":"1a1c01bbd47fc00a2c39e90264f33305004495a9","hash":"8f70a000b9715c4d2b997b285d1ece941f20f91f"}
,"C:\\Users\\luhud\\Downloads\\Github Repo\\Minicap\\src\\constants\\Colors.ts": {"path":"C:\\Users\\luhud\\Downloads\\Github Repo\\Minicap\\src\\constants\\Colors.ts","statementMap":{"0":{"start":{"line":6,"column":23},"end":{"line":6,"column":32}},"1":{"start":{"line":7,"column":22},"end":{"line":7,"column":28}},"2":{"start":{"line":9,"column":22},"end":{"line":26,"column":1}}},"fnMap":{},"branchMap":{},"s":{"0":1,"1":1,"2":1},"f":{},"b":{},"_coverageSchema":"1a1c01bbd47fc00a2c39e90264f33305004495a9","hash":"2c797424a48b575d0e9a6bf222ab996f63a7f17f"}
,"C:\\Users\\luhud\\Downloads\\Github Repo\\Minicap\\src\\hooks\\useColorScheme.ts": {"path":"C:\\Users\\luhud\\Downloads\\Github Repo\\Minicap\\src\\hooks\\useColorScheme.ts","statementMap":{},"fnMap":{},"branchMap":{},"s":{},"f":{},"b":{},"_coverageSchema":"1a1c01bbd47fc00a2c39e90264f33305004495a9","hash":"e5bd53aa8762c0cf8ec1fb8231c40afcef06beda"}
,"C:\\Users\\luhud\\Downloads\\Github Repo\\Minicap\\src\\hooks\\useThemeColor.ts": {"path":"C:\\Users\\luhud\\Downloads\\Github Repo\\Minicap\\src\\hooks\\useThemeColor.ts","statementMap":{"0":{"start":{"line":13,"column":16},"end":{"line":13,"column":43}},"1":{"start":{"line":14,"column":25},"end":{"line":14,"column":37}},"2":{"start":{"line":16,"column":2},"end":{"line":20,"column":3}},"3":{"start":{"line":17,"column":4},"end":{"line":17,"column":26}},"4":{"start":{"line":19,"column":4},"end":{"line":19,"column":36}}},"fnMap":{"0":{"name":"useThemeColor","decl":{"start":{"line":9,"column":16},"end":{"line":9,"column":29}},"loc":{"start":{"line":12,"column":2},"end":{"line":21,"column":1}},"line":12}},"branchMap":{"0":{"loc":{"start":{"line":13,"column":16},"end":{"line":13,"column":43}},"type":"binary-expr","locations":[{"start":{"line":13,"column":16},"end":{"line":13,"column":32}},{"start":{"line":13,"column":36},"end":{"line":13,"column":43}}],"line":13},"1":{"loc":{"start":{"line":16,"column":2},"end":{"line":20,"column":3}},"type":"if","locations":[{"start":{"line":16,"column":2},"end":{"line":20,"column":3}},{"start":{"line":18,"column":9},"end":{"line":20,"column":3}}],"line":16}},"s":{"0":7,"1":7,"2":7,"3":1,"4":6},"f":{"0":7},"b":{"0":[7,0],"1":[1,6]},"_coverageSchema":"1a1c01bbd47fc00a2c39e90264f33305004495a9","hash":"d336401bdee0db04cdb1cfa48752c39b0b9993f5"}
}
