TN:
SF:app\utils.tsx
FN:7,(anonymous_0)
FN:12,(anonymous_1)
FNF:2
FNH:1
FNDA:180,(anonymous_0)
FNDA:0,(anonymous_1)
DA:4,2
DA:5,2
DA:7,2
DA:8,180
DA:12,2
DA:13,0
LF:6
LH:5
BRF:0
BRH:0
end_of_record
TN:
SF:app\(tabs)\CampusMap.tsx
FN:42,(anonymous_0)
FN:97,(anonymous_1)
FN:108,(anonymous_2)
FN:113,(anonymous_3)
FN:121,(anonymous_4)
FN:124,(anonymous_5)
FN:138,(anonymous_6)
FN:155,(anonymous_7)
FN:189,(anonymous_8)
FN:215,(anonymous_9)
FN:243,(anonymous_10)
FN:252,(anonymous_11)
FN:268,(anonymous_12)
FN:277,(anonymous_13)
FN:299,(anonymous_14)
FN:316,(anonymous_15)
FN:319,(anonymous_16)
FN:341,(anonymous_17)
FN:377,(anonymous_18)
FN:389,(anonymous_19)
FNF:20
FNH:7
FNDA:4,(anonymous_0)
FNDA:0,(anonymous_1)
FNDA:2,(anonymous_2)
FNDA:2,(anonymous_3)
FNDA:2,(anonymous_4)
FNDA:0,(anonymous_5)
FNDA:2,(anonymous_6)
FNDA:8,(anonymous_7)
FNDA:0,(anonymous_8)
FNDA:0,(anonymous_9)
FNDA:0,(anonymous_10)
FNDA:0,(anonymous_11)
FNDA:0,(anonymous_12)
FNDA:0,(anonymous_13)
FNDA:0,(anonymous_14)
FNDA:0,(anonymous_15)
FNDA:0,(anonymous_16)
FNDA:0,(anonymous_17)
FNDA:2,(anonymous_18)
FNDA:0,(anonymous_19)
DA:28,1
DA:35,1
DA:42,1
DA:43,4
DA:44,4
DA:45,4
DA:48,4
DA:49,4
DA:50,4
DA:51,4
DA:54,4
DA:55,4
DA:56,4
DA:57,4
DA:58,4
DA:59,4
DA:60,4
DA:61,4
DA:62,4
DA:65,4
DA:66,4
DA:67,4
DA:70,4
DA:71,4
DA:72,4
DA:73,4
DA:75,4
DA:81,4
DA:108,4
DA:109,2
DA:110,2
DA:113,4
DA:114,2
DA:115,0
DA:116,0
DA:121,4
DA:124,2
DA:125,0
DA:126,0
DA:128,0
DA:133,2
DA:134,0
DA:135,0
DA:138,2
DA:139,2
DA:140,0
DA:145,4
DA:155,8
DA:190,0
DA:216,0
DA:217,0
DA:218,0
DA:219,0
DA:244,0
DA:245,0
DA:253,0
DA:254,0
DA:269,0
DA:270,0
DA:278,0
DA:279,0
DA:299,0
DA:317,0
DA:319,0
DA:342,0
DA:377,1
DA:378,2
DA:379,2
DA:381,2
DA:390,0
DA:391,0
LF:71
LH:44
BRDA:43,0,0,4
BRDA:43,0,1,0
BRDA:114,1,0,0
BRDA:114,1,1,2
BRDA:133,2,0,0
BRDA:133,2,1,2
BRDA:133,3,0,2
BRDA:133,3,1,0
BRDA:139,4,0,0
BRDA:139,4,1,2
BRDA:147,5,0,2
BRDA:147,5,1,2
BRDA:163,6,0,4
BRDA:163,6,1,1
BRDA:163,6,2,0
BRDA:166,7,0,4
BRDA:166,7,1,0
BRDA:167,8,0,4
BRDA:167,8,1,0
BRDA:170,9,0,0
BRDA:170,9,1,0
BRDA:176,10,0,4
BRDA:176,10,1,0
BRDA:188,11,0,4
BRDA:188,11,1,0
BRDA:188,11,2,0
BRDA:188,11,3,0
BRDA:223,12,0,0
BRDA:223,12,1,4
BRDA:231,13,0,4
BRDA:231,13,1,0
BRDA:231,13,2,0
BRDA:233,14,0,0
BRDA:233,14,1,0
BRDA:233,15,0,0
BRDA:233,15,1,0
BRDA:245,16,0,0
BRDA:245,16,1,0
BRDA:292,17,0,4
BRDA:292,17,1,0
BRDA:296,18,0,0
BRDA:296,18,1,0
BRDA:301,19,0,0
BRDA:301,19,1,0
BRDA:313,20,0,0
BRDA:313,20,1,0
BRDA:319,21,0,0
BRDA:319,21,1,0
BRDA:322,22,0,0
BRDA:322,22,1,0
BRDA:322,23,0,0
BRDA:322,23,1,0
BRDA:327,24,0,0
BRDA:327,24,1,0
BRDA:327,25,0,0
BRDA:327,25,1,0
BRDA:332,26,0,0
BRDA:332,26,1,0
BRDA:333,27,0,0
BRDA:333,27,1,0
BRDA:333,28,0,0
BRDA:333,28,1,0
BRDA:340,29,0,0
BRDA:340,29,1,0
BRDA:346,30,0,0
BRDA:346,30,1,0
BRDA:349,31,0,0
BRDA:349,31,1,0
BRDA:355,32,0,0
BRDA:355,32,1,0
BRDA:355,32,2,0
BRDA:379,33,0,2
BRDA:379,33,1,0
BRF:73
BRH:17
end_of_record
TN:
SF:app\(tabs)\FindBuilding.tsx
FN:34,(anonymous_0)
FN:39,(anonymous_1)
FN:41,(anonymous_2)
FN:47,(anonymous_3)
FN:59,(anonymous_4)
FN:68,(anonymous_5)
FN:73,(anonymous_6)
FN:143,(anonymous_7)
FNF:8
FNH:8
FNDA:18,(anonymous_0)
FNDA:6,(anonymous_1)
FNDA:6,(anonymous_2)
FNDA:6,(anonymous_3)
FNDA:372,(anonymous_4)
FNDA:74,(anonymous_5)
FNDA:3,(anonymous_6)
FNDA:99,(anonymous_7)
DA:32,1
DA:34,1
DA:35,18
DA:36,18
DA:37,18
DA:39,18
DA:41,6
DA:42,6
DA:43,6
DA:47,18
DA:48,6
DA:50,6
DA:51,0
DA:52,0
DA:55,6
DA:58,6
DA:60,372
DA:65,6
DA:68,18
DA:69,74
DA:73,3
DA:108,18
DA:109,6
DA:117,12
DA:143,99
DA:155,1
LF:26
LH:24
BRDA:50,0,0,0
BRDA:50,0,1,6
BRDA:60,1,0,372
BRDA:60,1,1,368
BRDA:60,1,2,340
BRDA:108,2,0,6
BRDA:108,2,1,12
BRDA:140,3,0,11
BRDA:140,3,1,1
BRF:9
BRH:8
end_of_record
TN:
SF:app\(tabs)\Home.tsx
FN:6,(anonymous_0)
FNF:1
FNH:1
FNDA:1,(anonymous_0)
DA:6,1
DA:7,1
LF:2
LH:2
BRF:0
BRH:0
end_of_record
TN:
SF:app\styles\globalStyles.ts
FNF:0
FNH:0
DA:5,2
DA:27,2
DA:30,2
DA:366,2
DA:436,2
DA:458,2
DA:484,2
DA:491,2
LF:8
LH:8
BRF:0
BRH:0
end_of_record
TN:
SF:app\utils\mapUtils.tsx
FN:10,(anonymous_0)
FN:17,(anonymous_1)
FN:58,(anonymous_2)
FN:76,(anonymous_3)
FN:139,(anonymous_4)
FN:168,(anonymous_5)
FN:174,(anonymous_6)
FN:179,(anonymous_7)
FN:186,(anonymous_8)
FN:194,(anonymous_9)
FN:199,(anonymous_10)
FN:240,(anonymous_11)
FN:270,(anonymous_12)
FN:326,(anonymous_13)
FN:342,(anonymous_14)
FN:354,(anonymous_15)
FN:380,(anonymous_16)
FN:394,(anonymous_17)
FN:447,(anonymous_18)
FN:458,(anonymous_19)
FN:466,(anonymous_20)
FNF:21
FNH:7
FNDA:0,(anonymous_0)
FNDA:0,(anonymous_1)
FNDA:0,(anonymous_2)
FNDA:4,(anonymous_3)
FNDA:2,(anonymous_4)
FNDA:0,(anonymous_5)
FNDA:4,(anonymous_6)
FNDA:248,(anonymous_7)
FNDA:3880,(anonymous_8)
FNDA:3880,(anonymous_9)
FNDA:3880,(anonymous_10)
FNDA:0,(anonymous_11)
FNDA:0,(anonymous_12)
FNDA:0,(anonymous_13)
FNDA:0,(anonymous_14)
FNDA:0,(anonymous_15)
FNDA:0,(anonymous_16)
FNDA:0,(anonymous_17)
FNDA:0,(anonymous_18)
FNDA:0,(anonymous_19)
FNDA:0,(anonymous_20)
DA:10,1
DA:11,0
DA:17,1
DA:18,0
DA:19,0
DA:20,0
DA:21,0
DA:23,0
DA:25,0
DA:26,0
DA:28,0
DA:29,0
DA:30,0
DA:31,0
DA:34,0
DA:35,0
DA:37,0
DA:38,0
DA:40,0
DA:41,0
DA:42,0
DA:43,0
DA:46,0
DA:47,0
DA:49,0
DA:55,0
DA:58,1
DA:59,0
DA:60,0
DA:61,0
DA:63,0
DA:64,0
DA:65,0
DA:66,0
DA:67,0
DA:69,0
DA:70,0
DA:73,0
DA:76,1
DA:137,4
DA:139,4
DA:140,2
DA:141,2
DA:142,2
DA:143,2
DA:144,1
DA:145,1
DA:146,1
DA:148,1
DA:149,1
DA:152,0
DA:158,0
DA:159,0
DA:160,0
DA:162,1
DA:163,1
DA:168,4
DA:169,0
DA:170,0
DA:171,0
DA:174,4
DA:179,4
DA:180,248
DA:181,0
DA:182,0
DA:185,248
DA:187,3880
DA:188,3880
DA:189,3880
DA:191,0
DA:192,0
DA:194,3880
DA:196,248
DA:198,248
DA:200,3880
DA:201,3880
DA:202,3880
DA:206,248
DA:207,248
DA:209,248
DA:210,248
DA:212,248
DA:220,248
DA:228,248
DA:230,248
DA:241,0
DA:242,0
DA:250,0
DA:251,0
DA:252,0
DA:253,0
DA:255,0
DA:270,4
DA:271,0
DA:272,0
DA:273,0
DA:274,0
DA:276,0
DA:285,0
DA:286,0
DA:287,0
DA:288,0
DA:289,0
DA:290,0
DA:292,0
DA:293,0
DA:294,0
DA:295,0
DA:303,0
DA:305,0
DA:306,0
DA:309,0
DA:310,0
DA:311,0
DA:313,0
DA:318,0
DA:319,0
DA:320,0
DA:326,0
DA:335,0
DA:336,0
DA:342,0
DA:354,4
DA:360,0
DA:361,0
DA:362,0
DA:370,0
DA:371,0
DA:372,0
DA:374,0
DA:375,0
DA:376,0
DA:378,0
DA:379,0
DA:380,0
DA:385,0
DA:386,0
DA:387,0
DA:389,0
DA:390,0
DA:394,4
DA:395,0
DA:396,0
DA:397,0
DA:399,0
DA:400,0
DA:401,0
DA:402,0
DA:405,0
DA:406,0
DA:407,0
DA:408,0
DA:415,0
DA:416,0
DA:417,0
DA:418,0
DA:419,0
DA:420,0
DA:422,0
DA:423,0
DA:429,0
DA:430,0
DA:431,0
DA:432,0
DA:433,0
DA:434,0
DA:437,0
DA:439,0
DA:440,0
DA:441,0
DA:442,0
DA:443,0
DA:447,4
DA:448,0
DA:449,0
DA:450,0
DA:451,0
DA:452,0
DA:453,0
DA:454,0
DA:455,0
DA:458,4
DA:459,0
DA:460,0
DA:461,0
DA:462,0
DA:466,4
DA:467,0
DA:468,0
DA:470,0
DA:473,0
DA:476,4
LF:192
LH:46
BRDA:34,0,0,0
BRDA:34,0,1,0
BRDA:46,1,0,0
BRDA:46,1,1,0
BRDA:69,2,0,0
BRDA:69,2,1,0
BRDA:70,3,0,0
BRDA:70,3,1,0
BRDA:143,4,0,1
BRDA:143,4,1,1
BRDA:180,5,0,0
BRDA:180,5,1,248
BRDA:187,6,0,3880
BRDA:187,6,1,0
BRDA:187,7,0,3880
BRDA:187,7,1,3880
BRDA:196,8,0,0
BRDA:196,8,1,248
BRDA:209,9,0,248
BRDA:209,9,1,0
BRDA:220,10,0,0
BRDA:220,10,1,248
BRDA:220,11,0,248
BRDA:220,11,1,0
BRDA:222,12,0,0
BRDA:222,12,1,248
BRDA:224,13,0,0
BRDA:224,13,1,248
BRDA:251,14,0,0
BRDA:251,14,1,0
BRDA:271,15,0,0
BRDA:271,15,1,0
BRDA:271,16,0,0
BRDA:271,16,1,0
BRDA:280,17,0,0
BRDA:280,17,1,0
BRDA:281,18,0,0
BRDA:281,18,1,0
BRDA:285,19,0,0
BRDA:285,19,1,0
BRDA:293,20,0,0
BRDA:293,20,1,0
BRDA:294,21,0,0
BRDA:294,21,1,0
BRDA:313,22,0,0
BRDA:313,22,1,0
BRDA:313,23,0,0
BRDA:313,23,1,0
BRDA:318,24,0,0
BRDA:318,24,1,0
BRDA:318,25,0,0
BRDA:318,25,1,0
BRDA:338,26,0,0
BRDA:338,26,1,0
BRDA:367,27,0,0
BRDA:367,27,1,0
BRDA:371,28,0,0
BRDA:371,28,1,0
BRDA:375,29,0,0
BRDA:375,29,1,0
BRDA:399,30,0,0
BRDA:399,30,1,0
BRDA:399,31,0,0
BRDA:399,31,1,0
BRDA:406,32,0,0
BRDA:406,32,1,0
BRDA:406,33,0,0
BRDA:406,33,1,0
BRDA:411,34,0,0
BRDA:411,34,1,0
BRDA:427,35,0,0
BRDA:427,35,1,0
BRDA:459,36,0,0
BRDA:459,36,1,0
BRDA:470,37,0,0
BRDA:470,37,1,0
BRDA:470,37,2,0
BRF:77
BRH:12
end_of_record
TN:
SF:app\utils\shuttleUtils.tsx
FN:7,(anonymous_0)
FN:19,(anonymous_1)
FN:55,(anonymous_2)
FN:75,(anonymous_3)
FN:80,(anonymous_4)
FN:87,(anonymous_5)
FN:91,(anonymous_6)
FN:106,(anonymous_7)
FN:115,(anonymous_8)
FN:181,(anonymous_9)
FN:198,(anonymous_10)
FN:207,(anonymous_11)
FNF:12
FNH:2
FNDA:0,(anonymous_0)
FNDA:4,(anonymous_1)
FNDA:0,(anonymous_2)
FNDA:0,(anonymous_3)
FNDA:0,(anonymous_4)
FNDA:0,(anonymous_5)
FNDA:0,(anonymous_6)
FNDA:4,(anonymous_7)
FNDA:0,(anonymous_8)
FNDA:0,(anonymous_9)
FNDA:0,(anonymous_10)
FNDA:0,(anonymous_11)
DA:7,1
DA:8,0
DA:12,0
DA:16,0
DA:19,1
DA:20,4
DA:55,1
DA:59,0
DA:60,0
DA:61,0
DA:64,0
DA:74,0
DA:75,0
DA:76,0
DA:79,0
DA:80,0
DA:81,0
DA:82,0
DA:83,0
DA:85,0
DA:86,0
DA:87,0
DA:89,0
DA:91,0
DA:99,0
DA:101,0
DA:102,0
DA:106,1
DA:115,4
DA:123,0
DA:124,0
DA:135,0
DA:136,0
DA:137,0
DA:140,0
DA:151,0
DA:152,0
DA:153,0
DA:156,0
DA:167,0
DA:168,0
DA:169,0
DA:172,0
DA:176,0
DA:177,0
DA:178,0
DA:180,0
DA:181,0
DA:198,0
DA:204,0
DA:207,4
DA:208,0
DA:209,0
DA:210,0
DA:211,0
DA:212,0
DA:216,0
DA:217,0
DA:221,0
DA:225,0
DA:229,4
LF:61
LH:8
BRDA:16,0,0,0
BRDA:16,0,1,0
BRDA:79,1,0,0
BRDA:79,1,1,0
BRDA:83,2,0,0
BRDA:83,2,1,0
BRDA:83,2,2,0
BRDA:83,2,3,0
BRDA:85,3,0,0
BRDA:85,3,1,0
BRDA:129,4,0,0
BRDA:129,4,1,0
BRDA:129,5,0,0
BRDA:129,5,1,0
BRDA:131,6,0,0
BRDA:131,6,1,0
BRDA:136,7,0,0
BRDA:136,7,1,0
BRDA:144,8,0,0
BRDA:144,8,1,0
BRDA:144,9,0,0
BRDA:144,9,1,0
BRDA:145,10,0,0
BRDA:145,10,1,0
BRDA:145,11,0,0
BRDA:145,11,1,0
BRDA:147,12,0,0
BRDA:147,12,1,0
BRDA:152,13,0,0
BRDA:152,13,1,0
BRDA:160,14,0,0
BRDA:160,14,1,0
BRDA:160,15,0,0
BRDA:160,15,1,0
BRDA:168,16,0,0
BRDA:168,16,1,0
BRDA:173,17,0,0
BRDA:173,17,1,0
BRDA:211,18,0,0
BRDA:211,18,1,0
BRDA:214,19,0,0
BRDA:214,19,1,0
BRDA:216,20,0,0
BRDA:216,20,1,0
BRDA:219,21,0,0
BRDA:219,21,1,0
BRF:46
BRH:0
end_of_record
TN:
SF:components\Loader.tsx
FN:9,(anonymous_0)
FNF:1
FNH:1
FNDA:2,(anonymous_0)
DA:9,1
DA:10,2
DA:12,2
DA:14,1
LF:4
LH:4
BRDA:12,0,0,1
BRDA:12,0,1,1
BRF:2
BRH:2
end_of_record
TN:
SF:components\ThemedText.tsx
FN:11,ThemedText
FNF:1
FNH:1
FNDA:7,ThemedText
DA:18,7
DA:20,7
DA:36,1
LF:3
LH:3
BRDA:15,0,0,3
BRDA:24,1,0,3
BRDA:24,1,1,4
BRDA:25,2,0,1
BRDA:25,2,1,6
BRDA:26,3,0,1
BRDA:26,3,1,6
BRDA:27,4,0,1
BRDA:27,4,1,6
BRDA:28,5,0,1
BRDA:28,5,1,6
BRF:11
BRH:11
end_of_record
TN:
SF:components\ThemedView.tsx
FN:10,ThemedView
FNF:1
FNH:1
FNDA:3,ThemedView
DA:16,3
DA:21,3
LF:2
LH:2
BRF:0
BRH:0
end_of_record
TN:
SF:constants\Colors.ts
FNF:0
FNH:0
DA:6,1
DA:7,1
DA:9,1
LF:3
LH:3
BRF:0
BRH:0
end_of_record
TN:
SF:data\shuttleSchedule.ts
FNF:0
FNH:0
DA:1,1
DA:16,1
LF:2
LH:2
BRF:0
BRH:0
end_of_record
TN:
SF:hooks\useColorScheme.ts
FNF:0
FNH:0
LF:0
LH:0
BRF:0
BRH:0
end_of_record
TN:
SF:hooks\useThemeColor.ts
FN:9,useThemeColor
FNF:1
FNH:1
FNDA:7,useThemeColor
DA:13,7
DA:14,7
DA:16,7
DA:17,1
DA:19,6
LF:5
LH:5
BRDA:13,0,0,7
BRDA:13,0,1,0
BRDA:16,1,0,1
BRDA:16,1,1,6
BRF:4
BRH:3
end_of_record
TN:
SF:services\ShuttleService.ts
FN:48,(anonymous_0)
FN:62,(anonymous_1)
FN:79,(anonymous_2)
FN:86,(anonymous_3)
FN:89,(anonymous_4)
FN:104,(anonymous_5)
FN:116,(anonymous_6)
FN:120,(anonymous_7)
FN:126,(anonymous_8)
FN:147,(anonymous_9)
FN:161,(anonymous_10)
FNF:11
FNH:0
FNDA:0,(anonymous_0)
FNDA:0,(anonymous_1)
FNDA:0,(anonymous_2)
FNDA:0,(anonymous_3)
FNDA:0,(anonymous_4)
FNDA:0,(anonymous_5)
FNDA:0,(anonymous_6)
FNDA:0,(anonymous_7)
FNDA:0,(anonymous_8)
FNDA:0,(anonymous_9)
FNDA:0,(anonymous_10)
DA:30,1
DA:46,1
DA:49,0
DA:50,0
DA:55,0
DA:57,0
DA:58,0
DA:63,0
DA:64,0
DA:67,0
DA:68,0
DA:79,0
DA:81,0
DA:82,0
DA:87,0
DA:89,0
DA:90,0
DA:95,0
DA:100,0
DA:105,0
DA:106,0
DA:107,0
DA:109,0
DA:112,0
DA:113,0
DA:117,0
DA:121,0
DA:122,0
DA:123,0
DA:126,0
DA:127,0
DA:128,0
DA:129,0
DA:132,0
DA:134,0
DA:135,0
DA:141,0
DA:148,0
DA:149,0
DA:150,0
DA:151,0
DA:153,0
DA:154,0
DA:157,0
DA:158,0
DA:162,0
DA:164,0
DA:170,0
DA:174,1
LF:49
LH:3
BRDA:63,0,0,0
BRDA:63,0,1,0
BRDA:87,1,0,0
BRDA:87,1,1,0
BRDA:87,2,0,0
BRDA:87,2,1,0
BRDA:95,3,0,0
BRDA:95,3,1,0
BRDA:100,4,0,0
BRDA:100,4,1,0
BRDA:121,5,0,0
BRDA:121,5,1,0
BRDA:132,6,0,0
BRDA:132,6,1,0
BRDA:153,7,0,0
BRDA:153,7,1,0
BRDA:162,8,0,0
BRDA:162,8,1,0
BRDA:162,9,0,0
BRDA:162,9,1,0
BRF:20
BRH:0
end_of_record
