TN:
SF:app\(tabs)\CampusMap.tsx
FN:46,(anonymous_0)
FN:108,(anonymous_1)
FN:119,(anonymous_2)
FN:124,(anonymous_3)
FN:132,(anonymous_4)
FN:135,(anonymous_5)
FN:149,(anonymous_6)
FN:170,(anonymous_7)
FN:218,(anonymous_8)
FN:244,(anonymous_9)
FN:275,(anonymous_10)
FN:289,(anonymous_11)
FN:314,(anonymous_12)
FN:325,(anonymous_13)
FN:350,(anonymous_14)
FN:371,(anonymous_15)
FN:374,(anonymous_16)
FN:405,(anonymous_17)
FN:449,(anonymous_18)
FN:465,(anonymous_19)
FNF:20
FNH:10
FNDA:44,(anonymous_0)
FNDA:4,(anonymous_1)
FNDA:16,(anonymous_2)
FNDA:20,(anonymous_3)
FNDA:16,(anonymous_4)
FNDA:0,(anonymous_5)
FNDA:16,(anonymous_6)
FNDA:88,(anonymous_7)
FNDA:0,(anonymous_8)
FNDA:3,(anonymous_9)
FNDA:0,(anonymous_10)
FNDA:0,(anonymous_11)
FNDA:0,(anonymous_12)
FNDA:0,(anonymous_13)
FNDA:0,(anonymous_14)
FNDA:0,(anonymous_15)
FNDA:0,(anonymous_16)
FNDA:0,(anonymous_17)
FNDA:21,(anonymous_18)
FNDA:4,(anonymous_19)
DA:32,1
DA:39,1
DA:46,1
DA:47,44
DA:48,44
DA:49,44
DA:52,44
DA:53,44
DA:54,44
DA:55,44
DA:58,44
DA:59,44
DA:62,44
DA:63,44
DA:64,44
DA:65,44
DA:67,44
DA:68,44
DA:69,44
DA:72,44
DA:73,44
DA:76,44
DA:80,44
DA:82,44
DA:83,44
DA:84,44
DA:86,44
DA:92,44
DA:119,44
DA:120,16
DA:121,16
DA:124,44
DA:125,20
DA:126,0
DA:127,0
DA:132,44
DA:135,16
DA:136,0
DA:137,0
DA:139,0
DA:144,16
DA:145,0
DA:146,0
DA:149,16
DA:150,16
DA:151,0
DA:156,44
DA:170,88
DA:219,0
DA:245,3
DA:246,3
DA:247,3
DA:248,3
DA:276,0
DA:277,0
DA:290,0
DA:291,0
DA:315,0
DA:316,0
DA:326,0
DA:327,0
DA:350,0
DA:372,0
DA:375,0
DA:406,0
DA:449,1
DA:450,21
DA:451,20
DA:453,20
DA:466,4
DA:467,4
LF:71
LH:50
BRDA:47,0,0,42
BRDA:47,0,1,2
BRDA:125,1,0,0
BRDA:125,1,1,20
BRDA:144,2,0,0
BRDA:144,2,1,16
BRDA:144,3,0,16
BRDA:144,3,1,0
BRDA:150,4,0,0
BRDA:150,4,1,16
BRDA:158,5,0,2
BRDA:158,5,1,42
BRDA:178,6,0,44
BRDA:178,6,1,27
BRDA:178,6,2,26
BRDA:186,7,0,44
BRDA:186,7,1,0
BRDA:187,8,0,44
BRDA:187,8,1,0
BRDA:196,9,0,0
BRDA:196,9,1,0
BRDA:202,10,0,44
BRDA:202,10,1,4
BRDA:215,11,0,44
BRDA:215,11,1,0
BRDA:215,11,2,0
BRDA:215,11,3,0
BRDA:253,12,0,3
BRDA:253,12,1,41
BRDA:261,13,0,44
BRDA:261,13,1,4
BRDA:261,13,2,4
BRDA:263,14,0,0
BRDA:263,14,1,4
BRDA:263,15,0,4
BRDA:263,15,1,0
BRDA:279,16,0,0
BRDA:279,16,1,0
BRDA:342,17,0,44
BRDA:342,17,1,0
BRDA:346,18,0,0
BRDA:346,18,1,0
BRDA:353,19,0,0
BRDA:353,19,1,0
BRDA:368,20,0,0
BRDA:368,20,1,0
BRDA:376,21,0,0
BRDA:376,21,1,0
BRDA:381,22,0,0
BRDA:381,22,1,0
BRDA:381,23,0,0
BRDA:381,23,1,0
BRDA:387,24,0,0
BRDA:387,24,1,0
BRDA:387,25,0,0
BRDA:387,25,1,0
BRDA:392,26,0,0
BRDA:392,26,1,0
BRDA:395,27,0,0
BRDA:395,27,1,0
BRDA:395,28,0,0
BRDA:395,28,1,0
BRDA:404,29,0,0
BRDA:404,29,1,0
BRDA:410,30,0,0
BRDA:410,30,1,0
BRDA:415,31,0,0
BRDA:415,31,1,0
BRDA:425,32,0,0
BRDA:425,32,1,0
BRDA:425,32,2,0
BRDA:451,33,0,18
BRDA:451,33,1,2
BRF:73
BRH:26
end_of_record
TN:
SF:app\styles\globalStyles.ts
FNF:0
FNH:0
DA:5,1
DA:27,1
DA:30,1
DA:374,1
DA:444,1
DA:466,1
DA:494,1
DA:501,1
LF:8
LH:8
BRF:0
BRH:0
end_of_record
TN:
SF:app\utils\mapUtils.tsx
FN:11,(anonymous_0)
FN:18,(anonymous_1)
FN:59,(anonymous_2)
FN:78,(anonymous_3)
FN:141,(anonymous_4)
FN:170,(anonymous_5)
FN:176,(anonymous_6)
FN:181,(anonymous_7)
FN:190,(anonymous_8)
FN:198,(anonymous_9)
FN:203,(anonymous_10)
FN:258,(anonymous_11)
FN:290,(anonymous_12)
FN:307,(anonymous_13)
FN:317,(anonymous_14)
FN:327,(anonymous_15)
FN:339,(anonymous_16)
FN:363,(anonymous_17)
FN:376,(anonymous_18)
FN:397,(anonymous_19)
FN:428,(anonymous_20)
FN:442,(anonymous_21)
FN:500,(anonymous_22)
FN:511,(anonymous_23)
FN:519,(anonymous_24)
FNF:25
FNH:10
FNDA:0,(anonymous_0)
FNDA:0,(anonymous_1)
FNDA:1612,(anonymous_2)
FNDA:44,(anonymous_3)
FNDA:19,(anonymous_4)
FNDA:1,(anonymous_5)
FNDA:44,(anonymous_6)
FNDA:2728,(anonymous_7)
FNDA:42680,(anonymous_8)
FNDA:42680,(anonymous_9)
FNDA:42680,(anonymous_10)
FNDA:4,(anonymous_11)
FNDA:0,(anonymous_12)
FNDA:0,(anonymous_13)
FNDA:0,(anonymous_14)
FNDA:0,(anonymous_15)
FNDA:0,(anonymous_16)
FNDA:0,(anonymous_17)
FNDA:0,(anonymous_18)
FNDA:0,(anonymous_19)
FNDA:0,(anonymous_20)
FNDA:0,(anonymous_21)
FNDA:0,(anonymous_22)
FNDA:0,(anonymous_23)
FNDA:0,(anonymous_24)
DA:11,1
DA:12,0
DA:18,1
DA:19,0
DA:20,0
DA:21,0
DA:22,0
DA:24,0
DA:26,0
DA:27,0
DA:29,0
DA:30,0
DA:31,0
DA:32,0
DA:35,0
DA:36,0
DA:38,0
DA:39,0
DA:41,0
DA:42,0
DA:43,0
DA:44,0
DA:47,0
DA:48,0
DA:50,0
DA:56,0
DA:59,1
DA:60,1612
DA:61,1612
DA:62,1612
DA:64,1612
DA:65,25220
DA:66,25220
DA:67,25220
DA:68,25220
DA:71,25220
DA:72,25220
DA:75,1612
DA:78,1
DA:139,44
DA:141,44
DA:142,19
DA:143,19
DA:144,19
DA:145,19
DA:146,1
DA:147,1
DA:148,1
DA:150,18
DA:151,18
DA:154,17
DA:160,17
DA:161,17
DA:162,17
DA:164,1
DA:165,1
DA:170,44
DA:171,1
DA:172,1
DA:173,1
DA:176,44
DA:181,44
DA:182,2728
DA:183,0
DA:186,0
DA:189,2728
DA:191,42680
DA:192,42680
DA:193,42680
DA:195,0
DA:196,0
DA:198,42680
DA:200,2728
DA:202,2728
DA:204,42680
DA:205,42680
DA:206,42680
DA:210,2728
DA:211,2728
DA:214,2728
DA:215,2728
DA:217,2728
DA:237,2728
DA:245,2728
DA:247,2728
DA:259,4
DA:260,4
DA:268,4
DA:269,4
DA:270,4
DA:271,4
DA:273,4
DA:290,44
DA:294,0
DA:296,0
DA:298,0
DA:299,0
DA:300,0
DA:303,0
DA:307,44
DA:308,0
DA:309,0
DA:310,0
DA:311,0
DA:313,0
DA:317,44
DA:327,44
DA:328,0
DA:329,0
DA:330,0
DA:331,0
DA:332,0
DA:339,44
DA:340,0
DA:342,0
DA:343,0
DA:345,0
DA:346,0
DA:347,0
DA:348,0
DA:350,0
DA:351,0
DA:353,0
DA:354,0
DA:358,0
DA:360,0
DA:364,0
DA:376,44
DA:377,0
DA:378,0
DA:386,0
DA:387,0
DA:390,0
DA:394,0
DA:397,44
DA:403,0
DA:404,0
DA:405,0
DA:418,0
DA:419,0
DA:420,0
DA:422,0
DA:423,0
DA:424,0
DA:426,0
DA:427,0
DA:428,0
DA:433,0
DA:434,0
DA:435,0
DA:437,0
DA:438,0
DA:442,44
DA:448,0
DA:449,0
DA:451,0
DA:452,0
DA:453,0
DA:455,0
DA:456,0
DA:457,0
DA:460,0
DA:461,0
DA:463,0
DA:470,0
DA:471,0
DA:472,0
DA:473,0
DA:474,0
DA:476,0
DA:482,0
DA:483,0
DA:484,0
DA:485,0
DA:486,0
DA:489,0
DA:490,0
DA:491,0
DA:492,0
DA:495,0
DA:496,0
DA:500,44
DA:501,0
DA:502,0
DA:503,0
DA:504,0
DA:505,0
DA:506,0
DA:507,0
DA:508,0
DA:511,44
DA:512,0
DA:513,0
DA:514,0
DA:515,0
DA:519,44
DA:520,0
DA:521,0
DA:523,0
DA:526,0
DA:529,44
LF:201
LH:76
BRDA:35,0,0,0
BRDA:35,0,1,0
BRDA:47,1,0,0
BRDA:47,1,1,0
BRDA:71,2,0,25220
BRDA:71,2,1,0
BRDA:72,3,0,0
BRDA:72,3,1,25220
BRDA:145,4,0,1
BRDA:145,4,1,18
BRDA:182,5,0,0
BRDA:182,5,1,2728
BRDA:191,6,0,42680
BRDA:191,6,1,0
BRDA:191,7,0,42680
BRDA:191,7,1,42680
BRDA:200,8,0,0
BRDA:200,8,1,2728
BRDA:214,9,0,2728
BRDA:214,9,1,1612
BRDA:237,10,0,0
BRDA:237,10,1,2728
BRDA:237,11,0,2728
BRDA:237,11,1,0
BRDA:239,12,0,0
BRDA:239,12,1,2728
BRDA:241,13,0,4
BRDA:241,13,1,2724
BRDA:269,14,0,4
BRDA:269,14,1,0
BRDA:294,15,0,0
BRDA:294,15,1,0
BRDA:298,16,0,0
BRDA:298,16,1,0
BRDA:308,17,0,0
BRDA:308,17,1,0
BRDA:308,18,0,0
BRDA:308,18,1,0
BRDA:321,19,0,0
BRDA:321,19,1,0
BRDA:322,20,0,0
BRDA:322,20,1,0
BRDA:342,21,0,0
BRDA:342,21,1,0
BRDA:343,22,0,0
BRDA:343,22,1,0
BRDA:353,23,0,0
BRDA:353,23,1,0
BRDA:354,24,0,0
BRDA:354,24,1,0
BRDA:358,25,0,0
BRDA:358,25,1,0
BRDA:366,26,0,0
BRDA:366,26,1,0
BRDA:377,27,0,0
BRDA:377,27,1,0
BRDA:413,28,0,0
BRDA:413,28,1,0
BRDA:419,29,0,0
BRDA:419,29,1,0
BRDA:423,30,0,0
BRDA:423,30,1,0
BRDA:448,31,0,0
BRDA:448,31,1,0
BRDA:449,32,0,0
BRDA:449,32,1,0
BRDA:455,33,0,0
BRDA:455,33,1,0
BRDA:455,34,0,0
BRDA:455,34,1,0
BRDA:461,35,0,0
BRDA:461,35,1,0
BRDA:461,36,0,0
BRDA:461,36,1,0
BRDA:512,37,0,0
BRDA:512,37,1,0
BRDA:523,38,0,0
BRDA:523,38,1,0
BRDA:523,38,2,0
BRF:79
BRH:17
end_of_record
TN:
SF:app\utils\shuttleUtils.tsx
FN:8,(anonymous_0)
FN:20,(anonymous_1)
FN:56,(anonymous_2)
FN:79,(anonymous_3)
FN:84,(anonymous_4)
FN:91,(anonymous_5)
FN:98,(anonymous_6)
FN:116,(anonymous_7)
FN:125,(anonymous_8)
FN:219,(anonymous_9)
FN:236,(anonymous_10)
FN:245,(anonymous_11)
FNF:12
FNH:2
FNDA:0,(anonymous_0)
FNDA:44,(anonymous_1)
FNDA:0,(anonymous_2)
FNDA:0,(anonymous_3)
FNDA:0,(anonymous_4)
FNDA:0,(anonymous_5)
FNDA:0,(anonymous_6)
FNDA:44,(anonymous_7)
FNDA:0,(anonymous_8)
FNDA:0,(anonymous_9)
FNDA:0,(anonymous_10)
FNDA:0,(anonymous_11)
DA:8,1
DA:9,0
DA:13,0
DA:17,0
DA:20,1
DA:21,44
DA:56,1
DA:60,0
DA:61,0
DA:62,0
DA:68,0
DA:78,0
DA:79,0
DA:80,0
DA:83,0
DA:84,0
DA:85,0
DA:86,0
DA:87,0
DA:89,0
DA:90,0
DA:91,0
DA:93,0
DA:98,0
DA:109,0
DA:111,0
DA:112,0
DA:116,1
DA:125,44
DA:133,0
DA:134,0
DA:153,0
DA:154,0
DA:155,0
DA:158,0
DA:182,0
DA:183,0
DA:184,0
DA:187,0
DA:203,0
DA:204,0
DA:205,0
DA:208,0
DA:212,0
DA:213,0
DA:216,0
DA:218,0
DA:219,0
DA:236,0
DA:242,0
DA:245,44
DA:246,0
DA:247,0
DA:248,0
DA:249,0
DA:250,0
DA:254,0
DA:255,0
DA:261,0
DA:265,0
DA:269,44
LF:61
LH:8
BRDA:17,0,0,0
BRDA:17,0,1,0
BRDA:83,1,0,0
BRDA:83,1,1,0
BRDA:87,2,0,0
BRDA:87,2,1,0
BRDA:87,2,2,0
BRDA:87,2,3,0
BRDA:89,3,0,0
BRDA:89,3,1,0
BRDA:140,4,0,0
BRDA:140,4,1,0
BRDA:143,5,0,0
BRDA:143,5,1,0
BRDA:148,6,0,0
BRDA:148,6,1,0
BRDA:154,7,0,0
BRDA:154,7,1,0
BRDA:163,8,0,0
BRDA:163,8,1,0
BRDA:166,9,0,0
BRDA:166,9,1,0
BRDA:170,10,0,0
BRDA:170,10,1,0
BRDA:172,11,0,0
BRDA:172,11,1,0
BRDA:177,12,0,0
BRDA:177,12,1,0
BRDA:183,13,0,0
BRDA:183,13,1,0
BRDA:192,14,0,0
BRDA:192,14,1,0
BRDA:194,15,0,0
BRDA:194,15,1,0
BRDA:204,16,0,0
BRDA:204,16,1,0
BRDA:209,17,0,0
BRDA:209,17,1,0
BRDA:249,18,0,0
BRDA:249,18,1,0
BRDA:252,19,0,0
BRDA:252,19,1,0
BRDA:254,20,0,0
BRDA:254,20,1,0
BRDA:257,21,0,0
BRDA:257,21,1,0
BRF:46
BRH:0
end_of_record
TN:
SF:components\utils.tsx
FN:13,(anonymous_0)
FN:22,(anonymous_1)
FNF:2
FNH:1
FNDA:93,(anonymous_0)
FNDA:0,(anonymous_1)
DA:5,1
DA:6,1
DA:13,1
DA:14,93
DA:22,1
DA:23,0
LF:6
LH:5
BRF:0
BRH:0
end_of_record
TN:
SF:data\shuttleSchedule.ts
FNF:0
FNH:0
DA:1,1
DA:16,1
LF:2
LH:2
BRF:0
BRH:0
end_of_record
TN:
SF:services\ShuttleService.ts
FN:48,(anonymous_0)
FN:62,(anonymous_1)
FN:79,(anonymous_2)
FN:86,(anonymous_3)
FN:89,(anonymous_4)
FN:104,(anonymous_5)
FN:116,(anonymous_6)
FN:120,(anonymous_7)
FN:126,(anonymous_8)
FN:147,(anonymous_9)
FN:161,(anonymous_10)
FNF:11
FNH:0
FNDA:0,(anonymous_0)
FNDA:0,(anonymous_1)
FNDA:0,(anonymous_2)
FNDA:0,(anonymous_3)
FNDA:0,(anonymous_4)
FNDA:0,(anonymous_5)
FNDA:0,(anonymous_6)
FNDA:0,(anonymous_7)
FNDA:0,(anonymous_8)
FNDA:0,(anonymous_9)
FNDA:0,(anonymous_10)
DA:30,1
DA:46,1
DA:49,0
DA:50,0
DA:55,0
DA:57,0
DA:58,0
DA:63,0
DA:64,0
DA:67,0
DA:68,0
DA:79,0
DA:81,0
DA:82,0
DA:87,0
DA:89,0
DA:90,0
DA:95,0
DA:100,0
DA:105,0
DA:106,0
DA:107,0
DA:109,0
DA:112,0
DA:113,0
DA:117,0
DA:121,0
DA:122,0
DA:123,0
DA:126,0
DA:127,0
DA:128,0
DA:129,0
DA:132,0
DA:134,0
DA:135,0
DA:141,0
DA:148,0
DA:149,0
DA:150,0
DA:151,0
DA:153,0
DA:154,0
DA:157,0
DA:158,0
DA:162,0
DA:164,0
DA:170,0
DA:174,1
LF:49
LH:3
BRDA:63,0,0,0
BRDA:63,0,1,0
BRDA:87,1,0,0
BRDA:87,1,1,0
BRDA:87,2,0,0
BRDA:87,2,1,0
BRDA:95,3,0,0
BRDA:95,3,1,0
BRDA:100,4,0,0
BRDA:100,4,1,0
BRDA:121,5,0,0
BRDA:121,5,1,0
BRDA:132,6,0,0
BRDA:132,6,1,0
BRDA:153,7,0,0
BRDA:153,7,1,0
BRDA:162,8,0,0
BRDA:162,8,1,0
BRDA:162,9,0,0
BRDA:162,9,1,0
BRF:20
BRH:0
end_of_record
